#
# A fatal error has been detected by the Java Runtime Environment:
#
#  EXCEPTION_ACCESS_VIOLATION (0xc0000005) at pc=0x00007ffaee6a8a23, pid=4864, tid=13304
#
# JRE version: OpenJDK Runtime Environment (11.0.15) (build 11.0.15+0-b2043.56-9505619)
# Java VM: OpenJDK 64-Bit Server VM (11.0.15+0-b2043.56-9505619, mixed mode, tiered, compressed oops, g1 gc, windows-amd64)
# Problematic frame:
# V  [jvm.dll+0x228a23]
#
# No core dump will be written. Minidumps are not enabled by default on client versions of Windows
#
# If you would like to submit a bug report, please visit:
#   https://bugreport.java.com/bugreport/crash.jsp
#

---------------  S U M M A R Y ------------

Command Line: --add-opens=java.base/java.util=ALL-UNNAMED --add-opens=java.base/java.lang=ALL-UNNAMED --add-opens=java.base/java.lang.invoke=ALL-UNNAMED --add-opens=java.base/java.util=ALL-UNNAMED --add-opens=java.prefs/java.util.prefs=ALL-UNNAMED --add-opens=java.prefs/java.util.prefs=ALL-UNNAMED --add-opens=java.base/java.nio.charset=ALL-UNNAMED --add-opens=java.base/java.net=ALL-UNNAMED --add-opens=java.base/java.util.concurrent.atomic=ALL-UNNAMED -Xmx2048m -Dfile.encoding=UTF-8 -Duser.country=RU -Duser.language=ru -Duser.variant org.gradle.launcher.daemon.bootstrap.GradleDaemon 7.5

Host: Intel(R) Core(TM) i5-6400 CPU @ 2.70GHz, 4 cores, 7G,  Windows 10 , 64 bit Build 19041 (10.0.19041.2546)
Time: Sat Mar 18 17:30:35 2023 RTZ 4 (s 10 , 64 bit Build 19041 (10.0.19041.2546) elapsed time: 732.765914 seconds (0d 0h 12m 12s)

---------------  T H R E A D  ---------------

Current thread (0x000001c3ce360000):  JavaThread "C2 CompilerThread0" daemon [_thread_in_native, id=13304, stack(0x0000009e2b200000,0x0000009e2b300000)]


Current CompileTask:
C2: 732766 18007       4       com.sun.org.apache.xerces.internal.impl.io.UTF8Reader::read (1443 bytes)

Stack: [0x0000009e2b200000,0x0000009e2b300000],  sp=0x0000009e2b2fd5a0,  free space=1013k
Native frames: (J=compiled Java code, j=interpreted, Vv=VM code, C=native code)
V  [jvm.dll+0x228a23]
V  [jvm.dll+0x66cc8a]
V  [jvm.dll+0x22026e]
V  [jvm.dll+0x19e851]
V  [jvm.dll+0x230479]
V  [jvm.dll+0x22e5ef]
V  [jvm.dll+0x794de1]
V  [jvm.dll+0x78dc24]
V  [jvm.dll+0x6400f6]
C  [ucrtbase.dll+0x21bb2]
C  [KERNEL32.DLL+0x17614]
C  [ntdll.dll+0x526a1]


siginfo: EXCEPTION_ACCESS_VIOLATION (0xc0000005), reading address 0xffffffffffffffff


Register to memory mapping:

RIP=0x00007ffaee6a8a23 jvm.dll
RAX=0x000001c3d10baab8 points into unknown readable memory: 0x0000000000000000 | 00 00 00 00 00 00 00 00
RBX=0x0000009e2b2fd860 is pointing into the stack for thread: 0x000001c3ce360000
RCX=0x0 is NULL
RDX=0x0000000000000451 is an unknown value
RSP=0x0000009e2b2fd5a0 is pointing into the stack for thread: 0x000001c3ce360000
RBP=0x0000000000000001 is an unknown value
RSI=0x0000000000000450 is an unknown value
RDI=0x200001c3d10ba9b8 is an unknown value
R8 =0x0000000000010000 is an unknown value
R9 =0x0 is NULL
R10=0x00007ffb05c90000 VCRUNTIME140.dll
R11=0x000001c3d676a120 points into unknown readable memory: 0xbfce3ffff939fee7 | e7 fe 39 f9 ff 3f ce bf
R12=0x0000000000000413 is an unknown value
R13=0x000001c3d28d22f0 points into unknown readable memory: 0x00007ffaeed3a360 | 60 a3 d3 ee fa 7f 00 00
R14=0x0000000000000008 is an unknown value
R15=0x000001c3d10baa78 points into unknown readable memory: 0x00007ffaeed19c50 | 50 9c d1 ee fa 7f 00 00


Registers:
RAX=0x000001c3d10baab8, RBX=0x0000009e2b2fd860, RCX=0x0000000000000000, RDX=0x0000000000000451
RSP=0x0000009e2b2fd5a0, RBP=0x0000000000000001, RSI=0x0000000000000450, RDI=0x200001c3d10ba9b8
R8 =0x0000000000010000, R9 =0x0000000000000000, R10=0x00007ffb05c90000, R11=0x000001c3d676a120
R12=0x0000000000000413, R13=0x000001c3d28d22f0, R14=0x0000000000000008, R15=0x000001c3d10baa78
RIP=0x00007ffaee6a8a23, EFLAGS=0x0000000000010246

Top of Stack: (sp=0x0000009e2b2fd5a0)
0x0000009e2b2fd5a0:   0000009e2b2fd860 0000000000000022
0x0000009e2b2fd5b0:   0000009e2b2fd860 00007ffaeeaebb40
0x0000009e2b2fd5c0:   0000009e2b2fd700 00007ffaeed23ca8
0x0000009e2b2fd5d0:   0000000000000000 0000009e2b2fd850
0x0000009e2b2fd5e0:   000001c3ce354300 00007ffaeeaecc8a
0x0000009e2b2fd5f0:   000001c3ce354300 0000009e2b2fd8b0
0x0000009e2b2fd600:   0000000000000001 0000009e2b2fd7f0
0x0000009e2b2fd610:   0000000000000002 0000000000000001
0x0000009e2b2fd620:   0000009e2b2fea90 00007ffaee6a026e
0x0000009e2b2fd630:   000001c3d11d4910 000001c3d11d4910
0x0000009e2b2fd640:   0000009e2b2fd730 0000009e2b2fe320
0x0000009e2b2fd650:   0000000000000000 0000009e2b2febf0
0x0000009e2b2fd660:   000000000000000e 000001c3d4a223a0
0x0000009e2b2fd670:   0000009e2b2feda0 0000009e2b2fedb8
0x0000009e2b2fd680:   000001c3cecd3580 0000000000000000
0x0000009e2b2fd690:   0000000000000000 0000000000000002 

Instructions: (pc=0x00007ffaee6a8a23)
0x00007ffaee6a8923:   e8 ff 41 8b c6 48 f7 d8 4d 8d 3c c7 4c 89 bc 24
0x00007ffaee6a8933:   88 00 00 00 4c 3b 7c 24 20 0f 83 11 fe ff ff 4c
0x00007ffaee6a8943:   8b 74 24 30 4c 8b 64 24 38 48 8b 7c 24 40 48 8b
0x00007ffaee6a8953:   ac 24 80 00 00 00 48 83 c4 48 41 5f 41 5d 5e 5b
0x00007ffaee6a8963:   c3 cc cc cc cc cc cc cc cc cc cc cc cc 40 53 56
0x00007ffaee6a8973:   57 41 54 48 83 ec 28 8b b9 d0 01 00 00 48 8b da
0x00007ffaee6a8983:   2b b9 f8 01 00 00 48 8b f1 3b 7a 08 72 0a 8b d7
0x00007ffaee6a8993:   48 8b cb e8 45 56 3f 00 48 8b 43 10 48 c7 04 f8
0x00007ffaee6a89a3:   00 00 00 00 48 8b 96 60 02 00 00 48 85 d2 74 08
0x00007ffaee6a89b3:   48 8b cb e8 d5 ce e8 ff 48 8b 96 68 02 00 00 48
0x00007ffaee6a89c3:   85 d2 74 08 48 8b cb e8 c1 ce e8 ff 8b 53 18 45
0x00007ffaee6a89d3:   33 e4 85 d2 0f 84 d9 00 00 00 48 89 6c 24 58 4c
0x00007ffaee6a89e3:   89 74 24 60 4c 89 7c 24 20 0f 1f 40 00 48 8b 43
0x00007ffaee6a89f3:   10 4e 8b 3c e0 41 8b 47 1c 85 c0 0f 84 97 00 00
0x00007ffaee6a8a03:   00 45 33 f6 8b e8 0f 1f 80 00 00 00 00 49 8b 47
0x00007ffaee6a8a13:   08 49 8b 3c 06 48 85 ff 74 6d 40 f6 c7 01 75 67
0x00007ffaee6a8a23:   48 83 3f fe 74 61 8b 4f 28 8b c1 c1 e8 05 3b 43
0x00007ffaee6a8a33:   30 72 0f 48 8b 43 20 8b d1 48 8d 4b 20 ff 50 18
0x00007ffaee6a8a43:   eb 25 83 e1 1f 41 b8 01 00 00 00 41 d3 e0 8b c8
0x00007ffaee6a8a53:   48 8b 43 38 48 8d 14 88 8b 0c 88 8b c1 41 0b c0
0x00007ffaee6a8a63:   89 02 41 23 c8 75 20 8b 73 18 8d 46 01 89 43 18
0x00007ffaee6a8a73:   3b 73 08 72 0a 8b d6 48 8b cb e8 5e 55 3f 00 48
0x00007ffaee6a8a83:   8b 43 10 48 89 3c f0 49 83 c6 08 48 83 ed 01 0f
0x00007ffaee6a8a93:   85 78 ff ff ff 8b 53 18 41 ff c4 44 3b e2 0f 82
0x00007ffaee6a8aa3:   49 ff ff ff 4c 8b 7c 24 20 4c 8b 74 24 60 48 8b
0x00007ffaee6a8ab3:   6c 24 58 48 83 c4 28 41 5c 5f 5e 5b c3 40 53 48
0x00007ffaee6a8ac3:   83 ec 20 48 8b 81 70 02 00 00 48 8b d9 48 85 c0
0x00007ffaee6a8ad3:   75 27 e8 76 32 00 00 48 8b d0 48 8b 48 10 48 8b
0x00007ffaee6a8ae3:   01 48 3b c2 74 06 83 78 38 02 74 06 48 83 c1 08
0x00007ffaee6a8af3:   eb ec 48 89 83 70 02 00 00 48 83 c4 20 5b c3 cc
0x00007ffaee6a8b03:   cc cc cc cc cc cc cc cc cc cc cc cc cc 48 89 5c
0x00007ffaee6a8b13:   24 08 48 89 6c 24 10 48 89 74 24 18 57 41 54 41 


Stack slot to memory mapping:
stack at sp + 0 slots: 0x0000009e2b2fd860 is pointing into the stack for thread: 0x000001c3ce360000
stack at sp + 1 slots: 0x0000000000000022 is an unknown value
stack at sp + 2 slots: 0x0000009e2b2fd860 is pointing into the stack for thread: 0x000001c3ce360000
stack at sp + 3 slots: 0x00007ffaeeaebb40 jvm.dll
stack at sp + 4 slots: 0x0000009e2b2fd700 is pointing into the stack for thread: 0x000001c3ce360000
stack at sp + 5 slots: 0x00007ffaeed23ca8 jvm.dll
stack at sp + 6 slots: 0x0 is NULL
stack at sp + 7 slots: 0x0000009e2b2fd850 is pointing into the stack for thread: 0x000001c3ce360000


---------------  P R O C E S S  ---------------

Threads class SMR info:
_java_thread_list=0x000001c3d8830070, length=88, elements={
0x000001c3b27e2000, 0x000001c3ce339000, 0x000001c3ce344800, 0x000001c3ce35b000,
0x000001c3ce35c000, 0x000001c3ce35f000, 0x000001c3ce360000, 0x000001c3ce364800,
0x000001c3ce370800, 0x000001c3cee77000, 0x000001c3d03f2000, 0x000001c3d25bb800,
0x000001c3cf01c000, 0x000001c3d0771800, 0x000001c3d0777000, 0x000001c3d0773000,
0x000001c3d0774000, 0x000001c3d0774800, 0x000001c3d0775800, 0x000001c3d0778000,
0x000001c3d0772000, 0x000001c3d0776000, 0x000001c3cf14c800, 0x000001c3cf14e000,
0x000001c3d0651000, 0x000001c3d0647000, 0x000001c3d0649800, 0x000001c3d0648000,
0x000001c3d0649000, 0x000001c3d0645000, 0x000001c3d064a800, 0x000001c3d064b800,
0x000001c3d0645800, 0x000001c3d0646800, 0x000001c3d0650000, 0x000001c3d0652000,
0x000001c3d064e000, 0x000001c3d064f800, 0x000001c3d064e800, 0x000001c3d064c000,
0x000001c3d0652800, 0x000001c3d0653800, 0x000001c3cf14f800, 0x000001c3cf150800,
0x000001c3cf14b000, 0x000001c3cf151800, 0x000001c3cf14b800, 0x000001c3cf152000,
0x000001c3cf153000, 0x000001c3cf14d800, 0x000001c3cf154800, 0x000001c3cf159800,
0x000001c3cf158800, 0x000001c3cf156800, 0x000001c3cf155800, 0x000001c3cf157000,
0x000001c3cf158000, 0x000001c3cf154000, 0x000001c3d1b50800, 0x000001c3d1b4f800,
0x000001c3d1b4b800, 0x000001c3d1b52000, 0x000001c3d1b4c800, 0x000001c3d1b53000,
0x000001c3d1b4d000, 0x000001c3d1b53800, 0x000001c3d1b54800, 0x000001c3d1b55800,
0x000001c3d1b57000, 0x000001c3d1b57800, 0x000001c3d1b59800, 0x000001c3d1b56000,
0x000001c3d1b58800, 0x000001c3d1b5a000, 0x000001c3d452c000, 0x000001c3d4527000,
0x000001c3d4528800, 0x000001c3d4526800, 0x000001c3d4529800, 0x000001c3d452d800,
0x000001c3d4528000, 0x000001c3d452e800, 0x000001c3d452f800, 0x000001c3d452b000,
0x000001c3d4530000, 0x000001c3d452a800, 0x000001c3d4531000, 0x000001c3d4531800
}

Java Threads: ( => current thread )
  0x000001c3b27e2000 JavaThread "main" [_thread_blocked, id=9088, stack(0x0000009e2a600000,0x0000009e2a700000)]
  0x000001c3ce339000 JavaThread "Reference Handler" daemon [_thread_blocked, id=15596, stack(0x0000009e2ad00000,0x0000009e2ae00000)]
  0x000001c3ce344800 JavaThread "Finalizer" daemon [_thread_blocked, id=15952, stack(0x0000009e2ae00000,0x0000009e2af00000)]
  0x000001c3ce35b000 JavaThread "Signal Dispatcher" daemon [_thread_blocked, id=15552, stack(0x0000009e2af00000,0x0000009e2b000000)]
  0x000001c3ce35c000 JavaThread "Attach Listener" daemon [_thread_blocked, id=11848, stack(0x0000009e2b000000,0x0000009e2b100000)]
  0x000001c3ce35f000 JavaThread "Service Thread" daemon [_thread_blocked, id=14912, stack(0x0000009e2b100000,0x0000009e2b200000)]
=>0x000001c3ce360000 JavaThread "C2 CompilerThread0" daemon [_thread_in_native, id=13304, stack(0x0000009e2b200000,0x0000009e2b300000)]
  0x000001c3ce364800 JavaThread "C1 CompilerThread0" daemon [_thread_blocked, id=5380, stack(0x0000009e2b300000,0x0000009e2b400000)]
  0x000001c3ce370800 JavaThread "Sweeper thread" daemon [_thread_blocked, id=1284, stack(0x0000009e2b400000,0x0000009e2b500000)]
  0x000001c3cee77000 JavaThread "Common-Cleaner" daemon [_thread_blocked, id=6228, stack(0x0000009e2b500000,0x0000009e2b600000)]
  0x000001c3d03f2000 JavaThread "Daemon health stats" [_thread_blocked, id=14260, stack(0x0000009e2ba00000,0x0000009e2bb00000)]
  0x000001c3d25bb800 JavaThread "Incoming local TCP Connector on port 51075" [_thread_in_native, id=10684, stack(0x0000009e2b700000,0x0000009e2b800000)]
  0x000001c3cf01c000 JavaThread "Daemon periodic checks" [_thread_blocked, id=11180, stack(0x0000009e2bb00000,0x0000009e2bc00000)]
  0x000001c3d0771800 JavaThread "Cache worker for journal cache (C:\Users\User\.gradle\caches\journal-1)" [_thread_blocked, id=15608, stack(0x0000009e2c400000,0x0000009e2c500000)]
  0x000001c3d0777000 JavaThread "File lock request listener" [_thread_in_native, id=15196, stack(0x0000009e2c500000,0x0000009e2c600000)]
  0x000001c3d0773000 JavaThread "Cache worker for file hash cache (C:\Users\User\.gradle\caches\7.5\fileHashes)" [_thread_blocked, id=17572, stack(0x0000009e2c700000,0x0000009e2c800000)]
  0x000001c3d0774000 JavaThread "File watcher server" daemon [_thread_in_native, id=4944, stack(0x0000009e2c800000,0x0000009e2c900000)]
  0x000001c3d0774800 JavaThread "File watcher consumer" daemon [_thread_blocked, id=2840, stack(0x0000009e2c900000,0x0000009e2ca00000)]
  0x000001c3d0775800 JavaThread "jar transforms" [_thread_blocked, id=16124, stack(0x0000009e2ca00000,0x0000009e2cb00000)]
  0x000001c3d0778000 JavaThread "jar transforms Thread 2" [_thread_blocked, id=17688, stack(0x0000009e2cb00000,0x0000009e2cc00000)]
  0x000001c3d0772000 JavaThread "jar transforms Thread 3" [_thread_blocked, id=16832, stack(0x0000009e2cc00000,0x0000009e2cd00000)]
  0x000001c3d0776000 JavaThread "jar transforms Thread 4" [_thread_blocked, id=12532, stack(0x0000009e2cd00000,0x0000009e2ce00000)]
  0x000001c3cf14c800 JavaThread "Cache worker for file content cache (C:\Users\User\.gradle\caches\7.5\fileContent)" [_thread_blocked, id=9436, stack(0x0000009e2cf00000,0x0000009e2d000000)]
  0x000001c3cf14e000 JavaThread "Cache worker for execution history cache (C:\Users\User\.gradle\caches\7.5\executionHistory)" [_thread_blocked, id=3080, stack(0x0000009e2d200000,0x0000009e2d300000)]
  0x000001c3d0651000 JavaThread "Memory manager" [_thread_blocked, id=4464, stack(0x0000009e2ff00000,0x0000009e30000000)]
  0x000001c3d0647000 JavaThread "Daemon Thread 2" [_thread_blocked, id=9596, stack(0x0000009e2a400000,0x0000009e2a500000)]
  0x000001c3d0649800 JavaThread "Handler for socket connection from /127.0.0.1:51075 to /127.0.0.1:51266" [_thread_in_native, id=18112, stack(0x0000009e2a500000,0x0000009e2a600000)]
  0x000001c3d0648000 JavaThread "Cancel handler" [_thread_blocked, id=17576, stack(0x0000009e2bc00000,0x0000009e2bd00000)]
  0x000001c3d0649000 JavaThread "Daemon worker Thread 2" [_thread_blocked, id=12580, stack(0x0000009e2bd00000,0x0000009e2be00000)]
  0x000001c3d0645000 JavaThread "Asynchronous log dispatcher for DefaultDaemonConnection: socket connection from /127.0.0.1:51075 to /127.0.0.1:51266" [_thread_blocked, id=18332, stack(0x0000009e2be00000,0x0000009e2bf00000)]
  0x000001c3d064a800 JavaThread "Stdin handler" [_thread_blocked, id=8792, stack(0x0000009e2bf00000,0x0000009e2c000000)]
  0x000001c3d064b800 JavaThread "Daemon client event forwarder" [_thread_blocked, id=12680, stack(0x0000009e2c000000,0x0000009e2c100000)]
  0x000001c3d0645800 JavaThread "Cache worker for checksums cache (C:\Users\User\AndroidStudioProjects\Counter\.gradle\7.5\checksums)" [_thread_blocked, id=1696, stack(0x0000009e2c100000,0x0000009e2c200000)]
  0x000001c3d0646800 JavaThread "Cache worker for cache directory md-rule (C:\Users\User\.gradle\caches\7.5\md-rule)" [_thread_blocked, id=1964, stack(0x0000009e2c200000,0x0000009e2c300000)]
  0x000001c3d0650000 JavaThread "Cache worker for file hash cache (C:\Users\User\AndroidStudioProjects\Counter\.gradle\7.5\fileHashes)" [_thread_blocked, id=712, stack(0x0000009e2c300000,0x0000009e2c400000)]
  0x000001c3d0652000 JavaThread "Cache worker for cache directory md-supplier (C:\Users\User\.gradle\caches\7.5\md-supplier)" [_thread_blocked, id=6700, stack(0x0000009e2ce00000,0x0000009e2cf00000)]
  0x000001c3d064e000 JavaThread "Cache worker for dependencies-accessors (C:\Users\User\AndroidStudioProjects\Counter\.gradle\7.5\dependencies-accessors)" [_thread_blocked, id=16688, stack(0x0000009e2d000000,0x0000009e2d100000)]
  0x000001c3d064f800 JavaThread "Cache worker for Build Output Cleanup Cache (C:\Users\User\AndroidStudioProjects\Counter\.gradle\buildOutputCleanup)" [_thread_blocked, id=6180, stack(0x0000009e2d100000,0x0000009e2d200000)]
  0x000001c3d064e800 JavaThread "Unconstrained build operations" [_thread_blocked, id=7848, stack(0x0000009e2d400000,0x0000009e2d500000)]
  0x000001c3d064c000 JavaThread "Unconstrained build operations Thread 2" [_thread_blocked, id=13616, stack(0x0000009e2d500000,0x0000009e2d600000)]
  0x000001c3d0652800 JavaThread "Unconstrained build operations Thread 3" [_thread_blocked, id=4104, stack(0x0000009e2d600000,0x0000009e2d700000)]
  0x000001c3d0653800 JavaThread "Unconstrained build operations Thread 4" [_thread_blocked, id=9008, stack(0x0000009e2d700000,0x0000009e2d800000)]
  0x000001c3cf14f800 JavaThread "Unconstrained build operations Thread 5" [_thread_blocked, id=1328, stack(0x0000009e2d800000,0x0000009e2d900000)]
  0x000001c3cf150800 JavaThread "Unconstrained build operations Thread 6" [_thread_blocked, id=14368, stack(0x0000009e2d900000,0x0000009e2da00000)]
  0x000001c3cf14b000 JavaThread "Unconstrained build operations Thread 7" [_thread_blocked, id=7596, stack(0x0000009e2da00000,0x0000009e2db00000)]
  0x000001c3cf151800 JavaThread "Unconstrained build operations Thread 8" [_thread_blocked, id=3892, stack(0x0000009e2db00000,0x0000009e2dc00000)]
  0x000001c3cf14b800 JavaThread "Unconstrained build operations Thread 9" [_thread_blocked, id=18216, stack(0x0000009e2dc00000,0x0000009e2dd00000)]
  0x000001c3cf152000 JavaThread "Unconstrained build operations Thread 10" [_thread_blocked, id=18328, stack(0x0000009e2dd00000,0x0000009e2de00000)]
  0x000001c3cf153000 JavaThread "Unconstrained build operations Thread 11" [_thread_blocked, id=16340, stack(0x0000009e2de00000,0x0000009e2df00000)]
  0x000001c3cf14d800 JavaThread "Unconstrained build operations Thread 12" [_thread_blocked, id=17996, stack(0x0000009e2df00000,0x0000009e2e000000)]
  0x000001c3cf154800 JavaThread "Unconstrained build operations Thread 13" [_thread_blocked, id=15704, stack(0x0000009e2e000000,0x0000009e2e100000)]
  0x000001c3cf159800 JavaThread "Unconstrained build operations Thread 14" [_thread_blocked, id=5968, stack(0x0000009e2e100000,0x0000009e2e200000)]
  0x000001c3cf158800 JavaThread "Unconstrained build operations Thread 15" [_thread_blocked, id=8900, stack(0x0000009e2e200000,0x0000009e2e300000)]
  0x000001c3cf156800 JavaThread "Unconstrained build operations Thread 16" [_thread_blocked, id=5428, stack(0x0000009e2e300000,0x0000009e2e400000)]
  0x000001c3cf155800 JavaThread "Unconstrained build operations Thread 17" [_thread_blocked, id=1272, stack(0x0000009e2e400000,0x0000009e2e500000)]
  0x000001c3cf157000 JavaThread "Unconstrained build operations Thread 18" [_thread_blocked, id=10124, stack(0x0000009e2e500000,0x0000009e2e600000)]
  0x000001c3cf158000 JavaThread "Unconstrained build operations Thread 19" [_thread_blocked, id=9984, stack(0x0000009e2e600000,0x0000009e2e700000)]
  0x000001c3cf154000 JavaThread "Unconstrained build operations Thread 20" [_thread_blocked, id=8996, stack(0x0000009e2e700000,0x0000009e2e800000)]
  0x000001c3d1b50800 JavaThread "Unconstrained build operations Thread 21" [_thread_blocked, id=10876, stack(0x0000009e2e800000,0x0000009e2e900000)]
  0x000001c3d1b4f800 JavaThread "Unconstrained build operations Thread 22" [_thread_blocked, id=14236, stack(0x0000009e2e900000,0x0000009e2ea00000)]
  0x000001c3d1b4b800 JavaThread "Unconstrained build operations Thread 23" [_thread_blocked, id=10472, stack(0x0000009e2ea00000,0x0000009e2eb00000)]
  0x000001c3d1b52000 JavaThread "Unconstrained build operations Thread 24" [_thread_blocked, id=6772, stack(0x0000009e2eb00000,0x0000009e2ec00000)]
  0x000001c3d1b4c800 JavaThread "Unconstrained build operations Thread 25" [_thread_blocked, id=17920, stack(0x0000009e2ec00000,0x0000009e2ed00000)]
  0x000001c3d1b53000 JavaThread "Unconstrained build operations Thread 26" [_thread_blocked, id=12128, stack(0x0000009e2ed00000,0x0000009e2ee00000)]
  0x000001c3d1b4d000 JavaThread "Unconstrained build operations Thread 27" [_thread_blocked, id=14572, stack(0x0000009e2ee00000,0x0000009e2ef00000)]
  0x000001c3d1b53800 JavaThread "Unconstrained build operations Thread 28" [_thread_blocked, id=9460, stack(0x0000009e2ef00000,0x0000009e2f000000)]
  0x000001c3d1b54800 JavaThread "Unconstrained build operations Thread 29" [_thread_blocked, id=5296, stack(0x0000009e2f000000,0x0000009e2f100000)]
  0x000001c3d1b55800 JavaThread "Unconstrained build operations Thread 30" [_thread_blocked, id=6084, stack(0x0000009e2f100000,0x0000009e2f200000)]
  0x000001c3d1b57000 JavaThread "Unconstrained build operations Thread 31" [_thread_blocked, id=10780, stack(0x0000009e2f200000,0x0000009e2f300000)]
  0x000001c3d1b57800 JavaThread "Unconstrained build operations Thread 32" [_thread_blocked, id=8464, stack(0x0000009e2f300000,0x0000009e2f400000)]
  0x000001c3d1b59800 JavaThread "Unconstrained build operations Thread 33" [_thread_blocked, id=9132, stack(0x0000009e2f400000,0x0000009e2f500000)]
  0x000001c3d1b56000 JavaThread "Unconstrained build operations Thread 34" [_thread_blocked, id=5128, stack(0x0000009e2f500000,0x0000009e2f600000)]
  0x000001c3d1b58800 JavaThread "Unconstrained build operations Thread 35" [_thread_blocked, id=13040, stack(0x0000009e2f600000,0x0000009e2f700000)]
  0x000001c3d1b5a000 JavaThread "Unconstrained build operations Thread 36" [_thread_blocked, id=18412, stack(0x0000009e2f700000,0x0000009e2f800000)]
  0x000001c3d452c000 JavaThread "Unconstrained build operations Thread 37" [_thread_blocked, id=12376, stack(0x0000009e2f800000,0x0000009e2f900000)]
  0x000001c3d4527000 JavaThread "Unconstrained build operations Thread 38" [_thread_blocked, id=2236, stack(0x0000009e2f900000,0x0000009e2fa00000)]
  0x000001c3d4528800 JavaThread "Unconstrained build operations Thread 39" [_thread_blocked, id=3520, stack(0x0000009e2fa00000,0x0000009e2fb00000)]
  0x000001c3d4526800 JavaThread "Unconstrained build operations Thread 40" [_thread_blocked, id=9732, stack(0x0000009e2fb00000,0x0000009e2fc00000)]
  0x000001c3d4529800 JavaThread "build event listener" [_thread_blocked, id=13792, stack(0x0000009e2fc00000,0x0000009e2fd00000)]
  0x000001c3d452d800 JavaThread "included builds" [_thread_blocked, id=11984, stack(0x0000009e2fd00000,0x0000009e2fe00000)]
  0x000001c3d4528000 JavaThread "Execution worker" [_thread_blocked, id=7260, stack(0x0000009e2fe00000,0x0000009e2ff00000)]
  0x000001c3d452e800 JavaThread "Execution worker Thread 2" [_thread_in_native, id=4604, stack(0x0000009e30000000,0x0000009e30100000)]
  0x000001c3d452f800 JavaThread "Execution worker Thread 3" [_thread_blocked, id=8084, stack(0x0000009e30100000,0x0000009e30200000)]
  0x000001c3d452b000 JavaThread "Cache worker for execution history cache (C:\Users\User\AndroidStudioProjects\Counter\.gradle\7.5\executionHistory)" [_thread_blocked, id=1508, stack(0x0000009e30200000,0x0000009e30300000)]
  0x000001c3d4530000 JavaThread "WorkerExecutor Queue" [_thread_blocked, id=13284, stack(0x0000009e2d300000,0x0000009e2d400000)]
  0x000001c3d452a800 JavaThread "WorkerExecutor Queue Thread 2" [_thread_blocked, id=15572, stack(0x0000009e30400000,0x0000009e30500000)]
  0x000001c3d4531000 JavaThread "WorkerExecutor Queue Thread 3" [_thread_blocked, id=2596, stack(0x0000009e30300000,0x0000009e30400000)]
  0x000001c3d4531800 JavaThread "WorkerExecutor Queue Thread 4" [_thread_blocked, id=15916, stack(0x0000009e30500000,0x0000009e30600000)]

Other Threads:
  0x000001c3ce334800 VMThread "VM Thread" [stack: 0x0000009e2ac00000,0x0000009e2ad00000] [id=16468]
  0x000001c3cee82800 WatcherThread [stack: 0x0000009e2b600000,0x0000009e2b700000] [id=9156]
  0x000001c3b27f9800 GCTaskThread "GC Thread#0" [stack: 0x0000009e2a700000,0x0000009e2a800000] [id=320]
  0x000001c3cef22000 GCTaskThread "GC Thread#1" [stack: 0x0000009e2b800000,0x0000009e2b900000] [id=7128]
  0x000001c3cf734000 GCTaskThread "GC Thread#2" [stack: 0x0000009e2b900000,0x0000009e2ba00000] [id=9464]
  0x000001c3d03bb800 GCTaskThread "GC Thread#3" [stack: 0x0000009e2c600000,0x0000009e2c700000] [id=17948]
  0x000001c3b282f000 ConcurrentGCThread "G1 Main Marker" [stack: 0x0000009e2a800000,0x0000009e2a900000] [id=13584]
  0x000001c3b2830000 ConcurrentGCThread "G1 Conc#0" [stack: 0x0000009e2a900000,0x0000009e2aa00000] [id=5804]
  0x000001c3b28be000 ConcurrentGCThread "G1 Refine#0" [stack: 0x0000009e2aa00000,0x0000009e2ab00000] [id=6964]
  0x000001c3ce180800 ConcurrentGCThread "G1 Young RemSet Sampling" [stack: 0x0000009e2ab00000,0x0000009e2ac00000] [id=7388]

Threads with active compile tasks:
C2 CompilerThread0   732871 18007       4       com.sun.org.apache.xerces.internal.impl.io.UTF8Reader::read (1443 bytes)

VM state:not at safepoint (normal execution)

VM Mutex/Monitor currently owned by a thread: None

Heap address: 0x0000000080000000, size: 2048 MB, Compressed Oops mode: 32-bit
Narrow klass base: 0x0000000000000000, Narrow klass shift: 3
Compressed class space size: 1073741824 Address: 0x0000000100000000

Heap:
 garbage-first heap   total 303104K, used 233041K [0x0000000080000000, 0x0000000100000000)
  region size 1024K, 9 young (9216K), 1 survivors (1024K)
 Metaspace       used 123091K, capacity 126718K, committed 126800K, reserved 1159168K
  class space    used 15286K, capacity 16603K, committed 16640K, reserved 1048576K
Heap Regions: E=young(eden), S=young(survivor), O=old, HS=humongous(starts), HC=humongous(continues), CS=collection set, F=free, A=archive, TAMS=top-at-mark-start (previous, next)
|   0|0x0000000080000000, 0x0000000080100000, 0x0000000080100000|100%|HS|  |TAMS 0x0000000080100000, 0x0000000080000000| Complete 
|   1|0x0000000080100000, 0x0000000080200000, 0x0000000080200000|100%|HC|  |TAMS 0x0000000080200000, 0x0000000080100000| Complete 
|   2|0x0000000080200000, 0x0000000080300000, 0x0000000080300000|100%|HC|  |TAMS 0x0000000080300000, 0x0000000080200000| Complete 
|   3|0x0000000080300000, 0x0000000080400000, 0x0000000080400000|100%| O|  |TAMS 0x0000000080400000, 0x0000000080300000| Untracked 
|   4|0x0000000080400000, 0x0000000080500000, 0x0000000080500000|100%| O|  |TAMS 0x0000000080500000, 0x0000000080400000| Untracked 
|   5|0x0000000080500000, 0x0000000080600000, 0x0000000080600000|100%| O|  |TAMS 0x0000000080600000, 0x0000000080500000| Untracked 
|   6|0x0000000080600000, 0x0000000080700000, 0x0000000080700000|100%| O|  |TAMS 0x0000000080700000, 0x0000000080600000| Untracked 
|   7|0x0000000080700000, 0x0000000080800000, 0x0000000080800000|100%| O|  |TAMS 0x0000000080800000, 0x0000000080700000| Untracked 
|   8|0x0000000080800000, 0x0000000080900000, 0x0000000080900000|100%| O|  |TAMS 0x0000000080900000, 0x0000000080800000| Untracked 
|   9|0x0000000080900000, 0x0000000080a00000, 0x0000000080a00000|100%| O|  |TAMS 0x0000000080a00000, 0x0000000080900000| Complete 
|  10|0x0000000080a00000, 0x0000000080b00000, 0x0000000080b00000|100%| O|  |TAMS 0x0000000080b00000, 0x0000000080a00000| Untracked 
|  11|0x0000000080b00000, 0x0000000080c00000, 0x0000000080c00000|100%| O|  |TAMS 0x0000000080c00000, 0x0000000080b00000| Untracked 
|  12|0x0000000080c00000, 0x0000000080d00000, 0x0000000080d00000|100%| O|  |TAMS 0x0000000080d00000, 0x0000000080c00000| Untracked 
|  13|0x0000000080d00000, 0x0000000080e00000, 0x0000000080e00000|100%| O|  |TAMS 0x0000000080e00000, 0x0000000080d00000| Complete 
|  14|0x0000000080e00000, 0x0000000080f00000, 0x0000000080f00000|100%|HS|  |TAMS 0x0000000080f00000, 0x0000000080e00000| Complete 
|  15|0x0000000080f00000, 0x0000000081000000, 0x0000000081000000|100%|HC|  |TAMS 0x0000000081000000, 0x0000000080f00000| Complete 
|  16|0x0000000081000000, 0x0000000081100000, 0x0000000081100000|100%|HS|  |TAMS 0x0000000081100000, 0x0000000081000000| Complete 
|  17|0x0000000081100000, 0x0000000081200000, 0x0000000081200000|100%|HC|  |TAMS 0x0000000081200000, 0x0000000081100000| Complete 
|  18|0x0000000081200000, 0x0000000081300000, 0x0000000081300000|100%|HC|  |TAMS 0x0000000081300000, 0x0000000081200000| Complete 
|  19|0x0000000081300000, 0x0000000081400000, 0x0000000081400000|100%|HS|  |TAMS 0x0000000081400000, 0x0000000081300000| Complete 
|  20|0x0000000081400000, 0x0000000081500000, 0x0000000081500000|100%|HC|  |TAMS 0x0000000081500000, 0x0000000081400000| Complete 
|  21|0x0000000081500000, 0x0000000081600000, 0x0000000081600000|100%|HC|  |TAMS 0x0000000081600000, 0x0000000081500000| Complete 
|  22|0x0000000081600000, 0x0000000081700000, 0x0000000081700000|100%|HS|  |TAMS 0x0000000081700000, 0x0000000081600000| Complete 
|  23|0x0000000081700000, 0x0000000081800000, 0x0000000081800000|100%|HC|  |TAMS 0x0000000081800000, 0x0000000081700000| Complete 
|  24|0x0000000081800000, 0x0000000081900000, 0x0000000081900000|100%|HS|  |TAMS 0x0000000081900000, 0x0000000081800000| Complete 
|  25|0x0000000081900000, 0x0000000081a00000, 0x0000000081a00000|100%|HC|  |TAMS 0x0000000081a00000, 0x0000000081900000| Complete 
|  26|0x0000000081a00000, 0x0000000081b00000, 0x0000000081b00000|100%|HC|  |TAMS 0x0000000081b00000, 0x0000000081a00000| Complete 
|  27|0x0000000081b00000, 0x0000000081c00000, 0x0000000081c00000|100%|HC|  |TAMS 0x0000000081c00000, 0x0000000081b00000| Complete 
|  28|0x0000000081c00000, 0x0000000081d00000, 0x0000000081d00000|100%|HC|  |TAMS 0x0000000081d00000, 0x0000000081c00000| Complete 
|  29|0x0000000081d00000, 0x0000000081e00000, 0x0000000081e00000|100%| O|  |TAMS 0x0000000081e00000, 0x0000000081d00000| Untracked 
|  30|0x0000000081e00000, 0x0000000081f00000, 0x0000000081f00000|100%| O|  |TAMS 0x0000000081f00000, 0x0000000081e00000| Untracked 
|  31|0x0000000081f00000, 0x0000000082000000, 0x0000000082000000|100%| O|  |TAMS 0x0000000082000000, 0x0000000081f00000| Untracked 
|  32|0x0000000082000000, 0x0000000082100000, 0x0000000082100000|100%| O|  |TAMS 0x0000000082100000, 0x0000000082000000| Complete 
|  33|0x0000000082100000, 0x0000000082200000, 0x0000000082200000|100%| O|  |TAMS 0x0000000082200000, 0x0000000082100000| Complete 
|  34|0x0000000082200000, 0x0000000082300000, 0x0000000082300000|100%| O|  |TAMS 0x0000000082300000, 0x0000000082200000| Complete 
|  35|0x0000000082300000, 0x0000000082400000, 0x0000000082400000|100%| O|  |TAMS 0x0000000082400000, 0x0000000082300000| Complete 
|  36|0x0000000082400000, 0x0000000082500000, 0x0000000082500000|100%| O|  |TAMS 0x0000000082500000, 0x0000000082400000| Untracked 
|  37|0x0000000082500000, 0x0000000082600000, 0x0000000082600000|100%| O|  |TAMS 0x0000000082600000, 0x0000000082500000| Complete 
|  38|0x0000000082600000, 0x0000000082700000, 0x0000000082700000|100%| O|  |TAMS 0x0000000082700000, 0x0000000082600000| Complete 
|  39|0x0000000082700000, 0x0000000082800000, 0x0000000082800000|100%| O|  |TAMS 0x0000000082800000, 0x0000000082700000| Untracked 
|  40|0x0000000082800000, 0x0000000082900000, 0x0000000082900000|100%|HS|  |TAMS 0x0000000082900000, 0x0000000082800000| Complete 
|  41|0x0000000082900000, 0x0000000082a00000, 0x0000000082a00000|100%|HC|  |TAMS 0x0000000082a00000, 0x0000000082900000| Complete 
|  42|0x0000000082a00000, 0x0000000082b00000, 0x0000000082b00000|100%|HC|  |TAMS 0x0000000082b00000, 0x0000000082a00000| Complete 
|  43|0x0000000082b00000, 0x0000000082c00000, 0x0000000082c00000|100%|HC|  |TAMS 0x0000000082c00000, 0x0000000082b00000| Complete 
|  44|0x0000000082c00000, 0x0000000082d00000, 0x0000000082d00000|100%|HC|  |TAMS 0x0000000082d00000, 0x0000000082c00000| Complete 
|  45|0x0000000082d00000, 0x0000000082e00000, 0x0000000082e00000|100%|HC|  |TAMS 0x0000000082e00000, 0x0000000082d00000| Complete 
|  46|0x0000000082e00000, 0x0000000082f00000, 0x0000000082f00000|100%|HC|  |TAMS 0x0000000082f00000, 0x0000000082e00000| Complete 
|  47|0x0000000082f00000, 0x0000000083000000, 0x0000000083000000|100%|HC|  |TAMS 0x0000000083000000, 0x0000000082f00000| Complete 
|  48|0x0000000083000000, 0x0000000083100000, 0x0000000083100000|100%|HC|  |TAMS 0x0000000083100000, 0x0000000083000000| Complete 
|  49|0x0000000083100000, 0x0000000083200000, 0x0000000083200000|100%|HC|  |TAMS 0x0000000083200000, 0x0000000083100000| Complete 
|  50|0x0000000083200000, 0x0000000083300000, 0x0000000083300000|100%|HS|  |TAMS 0x0000000083300000, 0x0000000083200000| Complete 
|  51|0x0000000083300000, 0x0000000083400000, 0x0000000083400000|100%|HC|  |TAMS 0x0000000083400000, 0x0000000083300000| Complete 
|  52|0x0000000083400000, 0x0000000083500000, 0x0000000083500000|100%|HS|  |TAMS 0x0000000083500000, 0x0000000083400000| Complete 
|  53|0x0000000083500000, 0x0000000083600000, 0x0000000083600000|100%|HC|  |TAMS 0x0000000083600000, 0x0000000083500000| Complete 
|  54|0x0000000083600000, 0x0000000083700000, 0x0000000083700000|100%|HC|  |TAMS 0x0000000083700000, 0x0000000083600000| Complete 
|  55|0x0000000083700000, 0x0000000083800000, 0x0000000083800000|100%|HS|  |TAMS 0x0000000083800000, 0x0000000083700000| Complete 
|  56|0x0000000083800000, 0x0000000083900000, 0x0000000083900000|100%|HC|  |TAMS 0x0000000083900000, 0x0000000083800000| Complete 
|  57|0x0000000083900000, 0x0000000083a00000, 0x0000000083a00000|100%|HS|  |TAMS 0x0000000083a00000, 0x0000000083900000| Complete 
|  58|0x0000000083a00000, 0x0000000083b00000, 0x0000000083b00000|100%|HC|  |TAMS 0x0000000083b00000, 0x0000000083a00000| Complete 
|  59|0x0000000083b00000, 0x0000000083c00000, 0x0000000083c00000|100%|HC|  |TAMS 0x0000000083c00000, 0x0000000083b00000| Complete 
|  60|0x0000000083c00000, 0x0000000083d00000, 0x0000000083d00000|100%| O|  |TAMS 0x0000000083d00000, 0x0000000083c00000| Complete 
|  61|0x0000000083d00000, 0x0000000083e00000, 0x0000000083e00000|100%| O|  |TAMS 0x0000000083e00000, 0x0000000083d00000| Untracked 
|  62|0x0000000083e00000, 0x0000000083f00000, 0x0000000083f00000|100%| O|  |TAMS 0x0000000083f00000, 0x0000000083e00000| Untracked 
|  63|0x0000000083f00000, 0x0000000084000000, 0x0000000084000000|100%| O|  |TAMS 0x0000000084000000, 0x0000000083f00000| Untracked 
|  64|0x0000000084000000, 0x0000000084100000, 0x0000000084100000|100%| O|  |TAMS 0x0000000084100000, 0x0000000084000000| Untracked 
|  65|0x0000000084100000, 0x0000000084200000, 0x0000000084200000|100%| O|  |TAMS 0x0000000084200000, 0x0000000084100000| Untracked 
|  66|0x0000000084200000, 0x0000000084300000, 0x0000000084300000|100%| O|  |TAMS 0x0000000084300000, 0x0000000084200000| Untracked 
|  67|0x0000000084300000, 0x0000000084400000, 0x0000000084400000|100%| O|  |TAMS 0x0000000084400000, 0x0000000084300000| Untracked 
|  68|0x0000000084400000, 0x0000000084500000, 0x0000000084500000|100%| O|  |TAMS 0x0000000084500000, 0x0000000084400000| Untracked 
|  69|0x0000000084500000, 0x0000000084600000, 0x0000000084600000|100%| O|  |TAMS 0x0000000084600000, 0x0000000084500000| Untracked 
|  70|0x0000000084600000, 0x0000000084700000, 0x0000000084700000|100%| O|  |TAMS 0x0000000084700000, 0x0000000084600000| Complete 
|  71|0x0000000084700000, 0x0000000084800000, 0x0000000084800000|100%| O|  |TAMS 0x0000000084800000, 0x0000000084700000| Complete 
|  72|0x0000000084800000, 0x0000000084900000, 0x0000000084900000|100%|HS|  |TAMS 0x0000000084900000, 0x0000000084800000| Complete 
|  73|0x0000000084900000, 0x0000000084a00000, 0x0000000084a00000|100%|HC|  |TAMS 0x0000000084a00000, 0x0000000084900000| Complete 
|  74|0x0000000084a00000, 0x0000000084b00000, 0x0000000084b00000|100%|HC|  |TAMS 0x0000000084b00000, 0x0000000084a00000| Complete 
|  75|0x0000000084b00000, 0x0000000084c00000, 0x0000000084c00000|100%|HC|  |TAMS 0x0000000084c00000, 0x0000000084b00000| Complete 
|  76|0x0000000084c00000, 0x0000000084d00000, 0x0000000084d00000|100%|HC|  |TAMS 0x0000000084d00000, 0x0000000084c00000| Complete 
|  77|0x0000000084d00000, 0x0000000084e00000, 0x0000000084e00000|100%| O|  |TAMS 0x0000000084e00000, 0x0000000084d00000| Complete 
|  78|0x0000000084e00000, 0x0000000084f00000, 0x0000000084f00000|100%| O|  |TAMS 0x0000000084f00000, 0x0000000084e00000| Untracked 
|  79|0x0000000084f00000, 0x0000000085000000, 0x0000000085000000|100%| O|  |TAMS 0x0000000085000000, 0x0000000084f00000| Untracked 
|  80|0x0000000085000000, 0x0000000085100000, 0x0000000085100000|100%| O|  |TAMS 0x0000000085100000, 0x0000000085000000| Untracked 
|  81|0x0000000085100000, 0x0000000085200000, 0x0000000085200000|100%| O|  |TAMS 0x0000000085200000, 0x0000000085100000| Untracked 
|  82|0x0000000085200000, 0x0000000085300000, 0x0000000085300000|100%| O|  |TAMS 0x0000000085300000, 0x0000000085200000| Untracked 
|  83|0x0000000085300000, 0x0000000085400000, 0x0000000085400000|100%| O|  |TAMS 0x0000000085400000, 0x0000000085300000| Complete 
|  84|0x0000000085400000, 0x0000000085500000, 0x0000000085500000|100%| O|  |TAMS 0x0000000085500000, 0x0000000085400000| Complete 
|  85|0x0000000085500000, 0x0000000085600000, 0x0000000085600000|100%|HS|  |TAMS 0x0000000085600000, 0x0000000085500000| Complete 
|  86|0x0000000085600000, 0x0000000085700000, 0x0000000085700000|100%| O|  |TAMS 0x0000000085700000, 0x0000000085600000| Untracked 
|  87|0x0000000085700000, 0x0000000085700000, 0x0000000085800000|  0%| F|  |TAMS 0x0000000085700000, 0x0000000085700000| Untracked 
|  88|0x0000000085800000, 0x0000000085900000, 0x0000000085900000|100%|HS|  |TAMS 0x0000000085900000, 0x0000000085800000| Complete 
|  89|0x0000000085900000, 0x0000000085a00000, 0x0000000085a00000|100%| O|  |TAMS 0x0000000085a00000, 0x0000000085900000| Untracked 
|  90|0x0000000085a00000, 0x0000000085b00000, 0x0000000085b00000|100%| O|  |TAMS 0x0000000085b00000, 0x0000000085a00000| Untracked 
|  91|0x0000000085b00000, 0x0000000085c00000, 0x0000000085c00000|100%| O|  |TAMS 0x0000000085c00000, 0x0000000085b00000| Untracked 
|  92|0x0000000085c00000, 0x0000000085d00000, 0x0000000085d00000|100%| O|  |TAMS 0x0000000085d00000, 0x0000000085c00000| Untracked 
|  93|0x0000000085d00000, 0x0000000085e00000, 0x0000000085e00000|100%| O|  |TAMS 0x0000000085e00000, 0x0000000085d00000| Untracked 
|  94|0x0000000085e00000, 0x0000000085f00000, 0x0000000085f00000|100%| O|  |TAMS 0x0000000085f00000, 0x0000000085e00000| Untracked 
|  95|0x0000000085f00000, 0x0000000086000000, 0x0000000086000000|100%| O|  |TAMS 0x0000000086000000, 0x0000000085f00000| Complete 
|  96|0x0000000086000000, 0x0000000086100000, 0x0000000086100000|100%| O|  |TAMS 0x0000000086100000, 0x0000000086000000| Untracked 
|  97|0x0000000086100000, 0x0000000086200000, 0x0000000086200000|100%| O|  |TAMS 0x0000000086200000, 0x0000000086100000| Complete 
|  98|0x0000000086200000, 0x0000000086300000, 0x0000000086300000|100%| O|  |TAMS 0x0000000086300000, 0x0000000086200000| Untracked 
|  99|0x0000000086300000, 0x0000000086400000, 0x0000000086400000|100%| O|  |TAMS 0x0000000086400000, 0x0000000086300000| Complete 
| 100|0x0000000086400000, 0x0000000086500000, 0x0000000086500000|100%| O|  |TAMS 0x0000000086500000, 0x0000000086400000| Untracked 
| 101|0x0000000086500000, 0x0000000086600000, 0x0000000086600000|100%| O|  |TAMS 0x0000000086600000, 0x0000000086500000| Untracked 
| 102|0x0000000086600000, 0x0000000086700000, 0x0000000086700000|100%| O|  |TAMS 0x0000000086700000, 0x0000000086600000| Complete 
| 103|0x0000000086700000, 0x0000000086800000, 0x0000000086800000|100%| O|  |TAMS 0x0000000086800000, 0x0000000086700000| Untracked 
| 104|0x0000000086800000, 0x0000000086900000, 0x0000000086900000|100%| O|  |TAMS 0x0000000086900000, 0x0000000086800000| Untracked 
| 105|0x0000000086900000, 0x0000000086a00000, 0x0000000086a00000|100%| O|  |TAMS 0x0000000086a00000, 0x0000000086900000| Complete 
| 106|0x0000000086a00000, 0x0000000086b00000, 0x0000000086b00000|100%| O|  |TAMS 0x0000000086b00000, 0x0000000086a00000| Complete 
| 107|0x0000000086b00000, 0x0000000086c00000, 0x0000000086c00000|100%| O|  |TAMS 0x0000000086c00000, 0x0000000086b00000| Complete 
| 108|0x0000000086c00000, 0x0000000086d00000, 0x0000000086d00000|100%| O|  |TAMS 0x0000000086d00000, 0x0000000086c00000| Complete 
| 109|0x0000000086d00000, 0x0000000086e00000, 0x0000000086e00000|100%|HS|  |TAMS 0x0000000086e00000, 0x0000000086d00000| Complete 
| 110|0x0000000086e00000, 0x0000000086f00000, 0x0000000086f00000|100%|HC|  |TAMS 0x0000000086f00000, 0x0000000086e00000| Complete 
| 111|0x0000000086f00000, 0x0000000087000000, 0x0000000087000000|100%|HC|  |TAMS 0x0000000087000000, 0x0000000086f00000| Complete 
| 112|0x0000000087000000, 0x0000000087100000, 0x0000000087100000|100%|HC|  |TAMS 0x0000000087100000, 0x0000000087000000| Complete 
| 113|0x0000000087100000, 0x0000000087200000, 0x0000000087200000|100%|HC|  |TAMS 0x0000000087200000, 0x0000000087100000| Complete 
| 114|0x0000000087200000, 0x0000000087300000, 0x0000000087300000|100%|HC|  |TAMS 0x0000000087300000, 0x0000000087200000| Complete 
| 115|0x0000000087300000, 0x0000000087400000, 0x0000000087400000|100%|HC|  |TAMS 0x0000000087400000, 0x0000000087300000| Complete 
| 116|0x0000000087400000, 0x0000000087500000, 0x0000000087500000|100%|HC|  |TAMS 0x0000000087500000, 0x0000000087400000| Complete 
| 117|0x0000000087500000, 0x0000000087600000, 0x0000000087600000|100%|HC|  |TAMS 0x0000000087600000, 0x0000000087500000| Complete 
| 118|0x0000000087600000, 0x0000000087700000, 0x0000000087700000|100%|HC|  |TAMS 0x0000000087700000, 0x0000000087600000| Complete 
| 119|0x0000000087700000, 0x0000000087800000, 0x0000000087800000|100%|HS|  |TAMS 0x0000000087800000, 0x0000000087700000| Complete 
| 120|0x0000000087800000, 0x0000000087900000, 0x0000000087900000|100%|HC|  |TAMS 0x0000000087900000, 0x0000000087800000| Complete 
| 121|0x0000000087900000, 0x0000000087a00000, 0x0000000087a00000|100%|HS|  |TAMS 0x0000000087a00000, 0x0000000087900000| Complete 
| 122|0x0000000087a00000, 0x0000000087b00000, 0x0000000087b00000|100%|HC|  |TAMS 0x0000000087b00000, 0x0000000087a00000| Complete 
| 123|0x0000000087b00000, 0x0000000087c00000, 0x0000000087c00000|100%|HS|  |TAMS 0x0000000087c00000, 0x0000000087b00000| Complete 
| 124|0x0000000087c00000, 0x0000000087d00000, 0x0000000087d00000|100%|HC|  |TAMS 0x0000000087d00000, 0x0000000087c00000| Complete 
| 125|0x0000000087d00000, 0x0000000087e00000, 0x0000000087e00000|100%|HC|  |TAMS 0x0000000087e00000, 0x0000000087d00000| Complete 
| 126|0x0000000087e00000, 0x0000000087f00000, 0x0000000087f00000|100%|HS|  |TAMS 0x0000000087f00000, 0x0000000087e00000| Complete 
| 127|0x0000000087f00000, 0x0000000088000000, 0x0000000088000000|100%|HC|  |TAMS 0x0000000088000000, 0x0000000087f00000| Complete 
| 128|0x0000000088000000, 0x0000000088100000, 0x0000000088100000|100%|HC|  |TAMS 0x0000000088100000, 0x0000000088000000| Complete 
| 129|0x0000000088100000, 0x0000000088200000, 0x0000000088200000|100%|HS|  |TAMS 0x0000000088200000, 0x0000000088100000| Complete 
| 130|0x0000000088200000, 0x0000000088300000, 0x0000000088300000|100%|HC|  |TAMS 0x0000000088300000, 0x0000000088200000| Complete 
| 131|0x0000000088300000, 0x0000000088400000, 0x0000000088400000|100%|HS|  |TAMS 0x0000000088400000, 0x0000000088300000| Complete 
| 132|0x0000000088400000, 0x0000000088500000, 0x0000000088500000|100%|HC|  |TAMS 0x0000000088500000, 0x0000000088400000| Complete 
| 133|0x0000000088500000, 0x0000000088600000, 0x0000000088600000|100%|HC|  |TAMS 0x0000000088600000, 0x0000000088500000| Complete 
| 134|0x0000000088600000, 0x0000000088700000, 0x0000000088700000|100%|HC|  |TAMS 0x0000000088700000, 0x0000000088600000| Complete 
| 135|0x0000000088700000, 0x0000000088800000, 0x0000000088800000|100%|HC|  |TAMS 0x0000000088800000, 0x0000000088700000| Complete 
| 136|0x0000000088800000, 0x0000000088900000, 0x0000000088900000|100%|HS|  |TAMS 0x0000000088900000, 0x0000000088800000| Complete 
| 137|0x0000000088900000, 0x0000000088a00000, 0x0000000088a00000|100%|HC|  |TAMS 0x0000000088a00000, 0x0000000088900000| Complete 
| 138|0x0000000088a00000, 0x0000000088b00000, 0x0000000088b00000|100%| O|  |TAMS 0x0000000088b00000, 0x0000000088a00000| Complete 
| 139|0x0000000088b00000, 0x0000000088c00000, 0x0000000088c00000|100%| O|  |TAMS 0x0000000088c00000, 0x0000000088b00000| Untracked 
| 140|0x0000000088c00000, 0x0000000088d00000, 0x0000000088d00000|100%| O|  |TAMS 0x0000000088d00000, 0x0000000088c00000| Untracked 
| 141|0x0000000088d00000, 0x0000000088e00000, 0x0000000088e00000|100%| O|  |TAMS 0x0000000088e00000, 0x0000000088d00000| Untracked 
| 142|0x0000000088e00000, 0x0000000088f00000, 0x0000000088f00000|100%| O|  |TAMS 0x0000000088f00000, 0x0000000088e00000| Complete 
| 143|0x0000000088f00000, 0x0000000089000000, 0x0000000089000000|100%| O|  |TAMS 0x0000000089000000, 0x0000000088f00000| Untracked 
| 144|0x0000000089000000, 0x0000000089100000, 0x0000000089100000|100%| O|  |TAMS 0x0000000089100000, 0x0000000089000000| Complete 
| 145|0x0000000089100000, 0x0000000089200000, 0x0000000089200000|100%| O|  |TAMS 0x0000000089200000, 0x0000000089100000| Untracked 
| 146|0x0000000089200000, 0x0000000089300000, 0x0000000089300000|100%| O|  |TAMS 0x0000000089300000, 0x0000000089200000| Complete 
| 147|0x0000000089300000, 0x0000000089400000, 0x0000000089400000|100%| O|  |TAMS 0x0000000089400000, 0x0000000089300000| Complete 
| 148|0x0000000089400000, 0x0000000089500000, 0x0000000089500000|100%| O|  |TAMS 0x0000000089500000, 0x0000000089400000| Complete 
| 149|0x0000000089500000, 0x0000000089600000, 0x0000000089600000|100%| O|  |TAMS 0x0000000089600000, 0x0000000089500000| Complete 
| 150|0x0000000089600000, 0x0000000089700000, 0x0000000089700000|100%| O|  |TAMS 0x0000000089700000, 0x0000000089600000| Complete 
| 151|0x0000000089700000, 0x0000000089800000, 0x0000000089800000|100%| O|  |TAMS 0x0000000089800000, 0x0000000089700000| Complete 
| 152|0x0000000089800000, 0x0000000089900000, 0x0000000089900000|100%|HS|  |TAMS 0x0000000089900000, 0x0000000089800000| Complete 
| 153|0x0000000089900000, 0x0000000089a00000, 0x0000000089a00000|100%|HC|  |TAMS 0x0000000089a00000, 0x0000000089900000| Complete 
| 154|0x0000000089a00000, 0x0000000089b00000, 0x0000000089b00000|100%|HC|  |TAMS 0x0000000089b00000, 0x0000000089a00000| Complete 
| 155|0x0000000089b00000, 0x0000000089c00000, 0x0000000089c00000|100%|HC|  |TAMS 0x0000000089c00000, 0x0000000089b00000| Complete 
| 156|0x0000000089c00000, 0x0000000089d00000, 0x0000000089d00000|100%|HC|  |TAMS 0x0000000089d00000, 0x0000000089c00000| Complete 
| 157|0x0000000089d00000, 0x0000000089e00000, 0x0000000089e00000|100%|HC|  |TAMS 0x0000000089e00000, 0x0000000089d00000| Complete 
| 158|0x0000000089e00000, 0x0000000089f00000, 0x0000000089f00000|100%|HC|  |TAMS 0x0000000089f00000, 0x0000000089e00000| Complete 
| 159|0x0000000089f00000, 0x000000008a000000, 0x000000008a000000|100%|HC|  |TAMS 0x000000008a000000, 0x0000000089f00000| Complete 
| 160|0x000000008a000000, 0x000000008a100000, 0x000000008a100000|100%|HC|  |TAMS 0x000000008a100000, 0x000000008a000000| Complete 
| 161|0x000000008a100000, 0x000000008a200000, 0x000000008a200000|100%|HC|  |TAMS 0x000000008a200000, 0x000000008a100000| Complete 
| 162|0x000000008a200000, 0x000000008a300000, 0x000000008a300000|100%| O|  |TAMS 0x000000008a300000, 0x000000008a200000| Untracked 
| 163|0x000000008a300000, 0x000000008a400000, 0x000000008a400000|100%| O|  |TAMS 0x000000008a400000, 0x000000008a300000| Complete 
| 164|0x000000008a400000, 0x000000008a500000, 0x000000008a500000|100%| O|  |TAMS 0x000000008a500000, 0x000000008a400000| Complete 
| 165|0x000000008a500000, 0x000000008a500000, 0x000000008a600000|  0%| F|  |TAMS 0x000000008a500000, 0x000000008a500000| Untracked 
| 166|0x000000008a600000, 0x000000008a700000, 0x000000008a700000|100%| O|  |TAMS 0x000000008a700000, 0x000000008a600000| Complete 
| 167|0x000000008a700000, 0x000000008a800000, 0x000000008a800000|100%| O|  |TAMS 0x000000008a800000, 0x000000008a700000| Untracked 
| 168|0x000000008a800000, 0x000000008a900000, 0x000000008a900000|100%| O|  |TAMS 0x000000008a900000, 0x000000008a800000| Untracked 
| 169|0x000000008a900000, 0x000000008aa00000, 0x000000008aa00000|100%| O|  |TAMS 0x000000008aa00000, 0x000000008a900000| Complete 
| 170|0x000000008aa00000, 0x000000008ab00000, 0x000000008ab00000|100%| O|  |TAMS 0x000000008ab00000, 0x000000008aa00000| Complete 
| 171|0x000000008ab00000, 0x000000008ac00000, 0x000000008ac00000|100%| O|  |TAMS 0x000000008ac00000, 0x000000008ab00000| Untracked 
| 172|0x000000008ac00000, 0x000000008ad00000, 0x000000008ad00000|100%| O|  |TAMS 0x000000008ad00000, 0x000000008ac00000| Complete 
| 173|0x000000008ad00000, 0x000000008ae00000, 0x000000008ae00000|100%| O|  |TAMS 0x000000008ae00000, 0x000000008ad00000| Untracked 
| 174|0x000000008ae00000, 0x000000008af00000, 0x000000008af00000|100%| O|  |TAMS 0x000000008af00000, 0x000000008ae00000| Untracked 
| 175|0x000000008af00000, 0x000000008b000000, 0x000000008b000000|100%| O|  |TAMS 0x000000008b000000, 0x000000008af00000| Untracked 
| 176|0x000000008b000000, 0x000000008b100000, 0x000000008b100000|100%| O|  |TAMS 0x000000008b100000, 0x000000008b000000| Untracked 
| 177|0x000000008b100000, 0x000000008b200000, 0x000000008b200000|100%| O|  |TAMS 0x000000008b200000, 0x000000008b100000| Complete 
| 178|0x000000008b200000, 0x000000008b300000, 0x000000008b300000|100%| O|  |TAMS 0x000000008b300000, 0x000000008b200000| Untracked 
| 179|0x000000008b300000, 0x000000008b400000, 0x000000008b400000|100%| O|  |TAMS 0x000000008b400000, 0x000000008b300000| Untracked 
| 180|0x000000008b400000, 0x000000008b500000, 0x000000008b500000|100%| O|  |TAMS 0x000000008b500000, 0x000000008b400000| Untracked 
| 181|0x000000008b500000, 0x000000008b600000, 0x000000008b600000|100%| O|  |TAMS 0x000000008b600000, 0x000000008b500000| Complete 
| 182|0x000000008b600000, 0x000000008b700000, 0x000000008b700000|100%| O|  |TAMS 0x000000008b700000, 0x000000008b600000| Untracked 
| 183|0x000000008b700000, 0x000000008b800000, 0x000000008b800000|100%| O|  |TAMS 0x000000008b800000, 0x000000008b700000| Untracked 
| 184|0x000000008b800000, 0x000000008b900000, 0x000000008b900000|100%| O|  |TAMS 0x000000008b900000, 0x000000008b800000| Untracked 
| 185|0x000000008b900000, 0x000000008ba00000, 0x000000008ba00000|100%| O|  |TAMS 0x000000008ba00000, 0x000000008b900000| Untracked 
| 186|0x000000008ba00000, 0x000000008bb00000, 0x000000008bb00000|100%| O|  |TAMS 0x000000008bb00000, 0x000000008ba00000| Untracked 
| 187|0x000000008bb00000, 0x000000008bc00000, 0x000000008bc00000|100%| O|  |TAMS 0x000000008bc00000, 0x000000008bb00000| Untracked 
| 188|0x000000008bc00000, 0x000000008bd00000, 0x000000008bd00000|100%| O|  |TAMS 0x000000008bd00000, 0x000000008bc00000| Complete 
| 189|0x000000008bd00000, 0x000000008be00000, 0x000000008be00000|100%| O|  |TAMS 0x000000008be00000, 0x000000008bd00000| Complete 
| 190|0x000000008be00000, 0x000000008bf00000, 0x000000008bf00000|100%| O|  |TAMS 0x000000008bf00000, 0x000000008be00000| Complete 
| 191|0x000000008bf00000, 0x000000008c000000, 0x000000008c000000|100%| O|  |TAMS 0x000000008c000000, 0x000000008bf00000| Complete 
| 192|0x000000008c000000, 0x000000008c100000, 0x000000008c100000|100%| O|  |TAMS 0x000000008c100000, 0x000000008c000000| Complete 
| 193|0x000000008c100000, 0x000000008c200000, 0x000000008c200000|100%| O|  |TAMS 0x000000008c200000, 0x000000008c100000| Complete 
| 194|0x000000008c200000, 0x000000008c300000, 0x000000008c300000|100%| O|  |TAMS 0x000000008c300000, 0x000000008c200000| Complete 
| 195|0x000000008c300000, 0x000000008c300000, 0x000000008c400000|  0%| F|  |TAMS 0x000000008c300000, 0x000000008c300000| Untracked 
| 196|0x000000008c400000, 0x000000008c500000, 0x000000008c500000|100%| O|  |TAMS 0x000000008c500000, 0x000000008c400000| Complete 
| 197|0x000000008c500000, 0x000000008c600000, 0x000000008c600000|100%| O|  |TAMS 0x000000008c600000, 0x000000008c500000| Complete 
| 198|0x000000008c600000, 0x000000008c600000, 0x000000008c700000|  0%| F|  |TAMS 0x000000008c600000, 0x000000008c600000| Untracked 
| 199|0x000000008c700000, 0x000000008c700000, 0x000000008c800000|  0%| F|  |TAMS 0x000000008c700000, 0x000000008c700000| Untracked 
| 200|0x000000008c800000, 0x000000008c800000, 0x000000008c900000|  0%| F|  |TAMS 0x000000008c800000, 0x000000008c800000| Untracked 
| 201|0x000000008c900000, 0x000000008c900000, 0x000000008ca00000|  0%| F|  |TAMS 0x000000008c900000, 0x000000008c900000| Untracked 
| 202|0x000000008ca00000, 0x000000008ca00000, 0x000000008cb00000|  0%| F|  |TAMS 0x000000008ca00000, 0x000000008ca00000| Untracked 
| 203|0x000000008cb00000, 0x000000008cb00000, 0x000000008cc00000|  0%| F|  |TAMS 0x000000008cb00000, 0x000000008cb00000| Untracked 
| 204|0x000000008cc00000, 0x000000008cd00000, 0x000000008cd00000|100%| O|  |TAMS 0x000000008cd00000, 0x000000008cc00000| Complete 
| 205|0x000000008cd00000, 0x000000008cd00000, 0x000000008ce00000|  0%| F|  |TAMS 0x000000008cd00000, 0x000000008cd00000| Untracked 
| 206|0x000000008ce00000, 0x000000008ce00000, 0x000000008cf00000|  0%| F|  |TAMS 0x000000008ce00000, 0x000000008ce00000| Untracked 
| 207|0x000000008cf00000, 0x000000008cf00000, 0x000000008d000000|  0%| F|  |TAMS 0x000000008cf00000, 0x000000008cf00000| Untracked 
| 208|0x000000008d000000, 0x000000008d000000, 0x000000008d100000|  0%| F|  |TAMS 0x000000008d000000, 0x000000008d000000| Untracked 
| 209|0x000000008d100000, 0x000000008d100000, 0x000000008d200000|  0%| F|  |TAMS 0x000000008d100000, 0x000000008d100000| Untracked 
| 210|0x000000008d200000, 0x000000008d300000, 0x000000008d300000|100%| O|  |TAMS 0x000000008d300000, 0x000000008d200000| Complete 
| 211|0x000000008d300000, 0x000000008d400000, 0x000000008d400000|100%| O|  |TAMS 0x000000008d400000, 0x000000008d300000| Complete 
| 212|0x000000008d400000, 0x000000008d500000, 0x000000008d500000|100%| O|  |TAMS 0x000000008d500000, 0x000000008d400000| Complete 
| 213|0x000000008d500000, 0x000000008d500000, 0x000000008d600000|  0%| F|  |TAMS 0x000000008d500000, 0x000000008d500000| Untracked 
| 214|0x000000008d600000, 0x000000008d700000, 0x000000008d700000|100%| O|  |TAMS 0x000000008d700000, 0x000000008d600000| Complete 
| 215|0x000000008d700000, 0x000000008d800000, 0x000000008d800000|100%| O|  |TAMS 0x000000008d800000, 0x000000008d700000| Complete 
| 216|0x000000008d800000, 0x000000008d900000, 0x000000008d900000|100%| O|  |TAMS 0x000000008d900000, 0x000000008d800000| Complete 
| 217|0x000000008d900000, 0x000000008da00000, 0x000000008da00000|100%| O|  |TAMS 0x000000008da00000, 0x000000008d900000| Complete 
| 218|0x000000008da00000, 0x000000008db00000, 0x000000008db00000|100%| O|  |TAMS 0x000000008db00000, 0x000000008da00000| Complete 
| 219|0x000000008db00000, 0x000000008dc00000, 0x000000008dc00000|100%| O|  |TAMS 0x000000008dc00000, 0x000000008db00000| Complete 
| 220|0x000000008dc00000, 0x000000008dd00000, 0x000000008dd00000|100%| O|  |TAMS 0x000000008dd00000, 0x000000008dc00000| Complete 
| 221|0x000000008dd00000, 0x000000008de00000, 0x000000008de00000|100%| O|  |TAMS 0x000000008de00000, 0x000000008dd00000| Complete 
| 222|0x000000008de00000, 0x000000008df00000, 0x000000008df00000|100%| O|  |TAMS 0x000000008df00000, 0x000000008de00000| Complete 
| 223|0x000000008df00000, 0x000000008e000000, 0x000000008e000000|100%| O|  |TAMS 0x000000008e000000, 0x000000008df00000| Complete 
| 224|0x000000008e000000, 0x000000008e100000, 0x000000008e100000|100%| O|  |TAMS 0x000000008e100000, 0x000000008e000000| Complete 
| 225|0x000000008e100000, 0x000000008e200000, 0x000000008e200000|100%| O|  |TAMS 0x000000008e200000, 0x000000008e100000| Complete 
| 226|0x000000008e200000, 0x000000008e200000, 0x000000008e300000|  0%| F|  |TAMS 0x000000008e200000, 0x000000008e200000| Untracked 
| 227|0x000000008e300000, 0x000000008e400000, 0x000000008e400000|100%| O|  |TAMS 0x000000008e400000, 0x000000008e300000| Complete 
| 228|0x000000008e400000, 0x000000008e500000, 0x000000008e500000|100%| O|  |TAMS 0x000000008e500000, 0x000000008e400000| Complete 
| 229|0x000000008e500000, 0x000000008e600000, 0x000000008e600000|100%| O|  |TAMS 0x000000008e600000, 0x000000008e500000| Complete 
| 230|0x000000008e600000, 0x000000008e600000, 0x000000008e700000|  0%| F|  |TAMS 0x000000008e600000, 0x000000008e600000| Untracked 
| 231|0x000000008e700000, 0x000000008e700000, 0x000000008e800000|  0%| F|  |TAMS 0x000000008e700000, 0x000000008e700000| Untracked 
| 232|0x000000008e800000, 0x000000008e900000, 0x000000008e900000|100%| O|  |TAMS 0x000000008e900000, 0x000000008e800000| Complete 
| 233|0x000000008e900000, 0x000000008ea00000, 0x000000008ea00000|100%| O|  |TAMS 0x000000008ea00000, 0x000000008e900000| Complete 
| 234|0x000000008ea00000, 0x000000008eb00000, 0x000000008eb00000|100%| O|  |TAMS 0x000000008eb00000, 0x000000008ea00000| Complete 
| 235|0x000000008eb00000, 0x000000008ec00000, 0x000000008ec00000|100%| O|  |TAMS 0x000000008ec00000, 0x000000008eb00000| Complete 
| 236|0x000000008ec00000, 0x000000008ed00000, 0x000000008ed00000|100%| O|  |TAMS 0x000000008ed00000, 0x000000008ec00000| Complete 
| 237|0x000000008ed00000, 0x000000008ee00000, 0x000000008ee00000|100%| O|  |TAMS 0x000000008ee00000, 0x000000008ed00000| Complete 
| 238|0x000000008ee00000, 0x000000008ee00000, 0x000000008ef00000|  0%| F|  |TAMS 0x000000008ee00000, 0x000000008ee00000| Untracked 
| 239|0x000000008ef00000, 0x000000008ef00000, 0x000000008f000000|  0%| F|  |TAMS 0x000000008ef00000, 0x000000008ef00000| Untracked 
| 240|0x000000008f000000, 0x000000008f000000, 0x000000008f100000|  0%| F|  |TAMS 0x000000008f000000, 0x000000008f000000| Untracked 
| 241|0x000000008f100000, 0x000000008f100000, 0x000000008f200000|  0%| F|  |TAMS 0x000000008f100000, 0x000000008f100000| Untracked 
| 242|0x000000008f200000, 0x000000008f200000, 0x000000008f300000|  0%| F|  |TAMS 0x000000008f200000, 0x000000008f200000| Untracked 
| 243|0x000000008f300000, 0x000000008f300000, 0x000000008f400000|  0%| F|  |TAMS 0x000000008f300000, 0x000000008f300000| Untracked 
| 244|0x000000008f400000, 0x000000008f400000, 0x000000008f500000|  0%| F|  |TAMS 0x000000008f400000, 0x000000008f400000| Untracked 
| 245|0x000000008f500000, 0x000000008f500000, 0x000000008f600000|  0%| F|  |TAMS 0x000000008f500000, 0x000000008f500000| Untracked 
| 246|0x000000008f600000, 0x000000008f600000, 0x000000008f700000|  0%| F|  |TAMS 0x000000008f600000, 0x000000008f600000| Untracked 
| 247|0x000000008f700000, 0x000000008f700000, 0x000000008f800000|  0%| F|  |TAMS 0x000000008f700000, 0x000000008f700000| Untracked 
| 248|0x000000008f800000, 0x000000008f800000, 0x000000008f900000|  0%| F|  |TAMS 0x000000008f800000, 0x000000008f800000| Untracked 
| 249|0x000000008f900000, 0x000000008f900000, 0x000000008fa00000|  0%| F|  |TAMS 0x000000008f900000, 0x000000008f900000| Untracked 
| 250|0x000000008fa00000, 0x000000008fa00000, 0x000000008fb00000|  0%| F|  |TAMS 0x000000008fa00000, 0x000000008fa00000| Untracked 
| 251|0x000000008fb00000, 0x000000008fb00000, 0x000000008fc00000|  0%| F|  |TAMS 0x000000008fb00000, 0x000000008fb00000| Untracked 
| 252|0x000000008fc00000, 0x000000008fc00000, 0x000000008fd00000|  0%| F|  |TAMS 0x000000008fc00000, 0x000000008fc00000| Untracked 
| 253|0x000000008fd00000, 0x000000008fd00000, 0x000000008fe00000|  0%| F|  |TAMS 0x000000008fd00000, 0x000000008fd00000| Untracked 
| 254|0x000000008fe00000, 0x000000008fe00000, 0x000000008ff00000|  0%| F|  |TAMS 0x000000008fe00000, 0x000000008fe00000| Untracked 
| 255|0x000000008ff00000, 0x000000008ff00000, 0x0000000090000000|  0%| F|  |TAMS 0x000000008ff00000, 0x000000008ff00000| Untracked 
| 256|0x0000000090000000, 0x0000000090000000, 0x0000000090100000|  0%| F|  |TAMS 0x0000000090000000, 0x0000000090000000| Untracked 
| 257|0x0000000090100000, 0x0000000090100000, 0x0000000090200000|  0%| F|  |TAMS 0x0000000090100000, 0x0000000090100000| Untracked 
| 258|0x0000000090200000, 0x0000000090200000, 0x0000000090300000|  0%| F|  |TAMS 0x0000000090200000, 0x0000000090200000| Untracked 
| 259|0x0000000090300000, 0x0000000090300000, 0x0000000090400000|  0%| F|  |TAMS 0x0000000090300000, 0x0000000090300000| Untracked 
| 260|0x0000000090400000, 0x0000000090400000, 0x0000000090500000|  0%| F|  |TAMS 0x0000000090400000, 0x0000000090400000| Untracked 
| 261|0x0000000090500000, 0x0000000090500000, 0x0000000090600000|  0%| F|  |TAMS 0x0000000090500000, 0x0000000090500000| Untracked 
| 262|0x0000000090600000, 0x0000000090600000, 0x0000000090700000|  0%| F|  |TAMS 0x0000000090600000, 0x0000000090600000| Untracked 
| 263|0x0000000090700000, 0x0000000090700000, 0x0000000090800000|  0%| F|  |TAMS 0x0000000090700000, 0x0000000090700000| Untracked 
| 264|0x0000000090800000, 0x0000000090800000, 0x0000000090900000|  0%| F|  |TAMS 0x0000000090800000, 0x0000000090800000| Untracked 
| 265|0x0000000090900000, 0x0000000090900000, 0x0000000090a00000|  0%| F|  |TAMS 0x0000000090900000, 0x0000000090900000| Untracked 
| 266|0x0000000090a00000, 0x0000000090a00000, 0x0000000090b00000|  0%| F|  |TAMS 0x0000000090a00000, 0x0000000090a00000| Untracked 
| 267|0x0000000090b00000, 0x0000000090b00000, 0x0000000090c00000|  0%| F|  |TAMS 0x0000000090b00000, 0x0000000090b00000| Untracked 
| 268|0x0000000090c00000, 0x0000000090c00000, 0x0000000090d00000|  0%| F|  |TAMS 0x0000000090c00000, 0x0000000090c00000| Untracked 
| 269|0x0000000090d00000, 0x0000000090d00000, 0x0000000090e00000|  0%| F|  |TAMS 0x0000000090d00000, 0x0000000090d00000| Untracked 
| 270|0x0000000090e00000, 0x0000000090e00000, 0x0000000090f00000|  0%| F|  |TAMS 0x0000000090e00000, 0x0000000090e00000| Untracked 
| 271|0x0000000090f00000, 0x0000000090f00000, 0x0000000091000000|  0%| F|  |TAMS 0x0000000090f00000, 0x0000000090f00000| Untracked 
| 272|0x0000000091000000, 0x0000000091000000, 0x0000000091100000|  0%| F|  |TAMS 0x0000000091000000, 0x0000000091000000| Untracked 
| 273|0x0000000091100000, 0x0000000091100000, 0x0000000091200000|  0%| F|  |TAMS 0x0000000091100000, 0x0000000091100000| Untracked 
| 274|0x0000000091200000, 0x0000000091200000, 0x0000000091300000|  0%| F|  |TAMS 0x0000000091200000, 0x0000000091200000| Untracked 
| 275|0x0000000091300000, 0x0000000091300000, 0x0000000091400000|  0%| F|  |TAMS 0x0000000091300000, 0x0000000091300000| Untracked 
| 276|0x0000000091400000, 0x0000000091400000, 0x0000000091500000|  0%| F|  |TAMS 0x0000000091400000, 0x0000000091400000| Untracked 
| 277|0x0000000091500000, 0x0000000091500000, 0x0000000091600000|  0%| F|  |TAMS 0x0000000091500000, 0x0000000091500000| Untracked 
| 278|0x0000000091600000, 0x0000000091694440, 0x0000000091700000| 57%| S|CS|TAMS 0x0000000091600000, 0x0000000091600000| Complete 
| 279|0x0000000091700000, 0x0000000091700000, 0x0000000091800000|  0%| F|  |TAMS 0x0000000091700000, 0x0000000091700000| Untracked 
| 280|0x0000000091800000, 0x0000000091800000, 0x0000000091900000|  0%| F|  |TAMS 0x0000000091800000, 0x0000000091800000| Untracked 
| 281|0x0000000091900000, 0x0000000091900000, 0x0000000091a00000|  0%| F|  |TAMS 0x0000000091900000, 0x0000000091900000| Untracked 
| 282|0x0000000091a00000, 0x0000000091a00000, 0x0000000091b00000|  0%| F|  |TAMS 0x0000000091a00000, 0x0000000091a00000| Untracked 
| 283|0x0000000091b00000, 0x0000000091b00000, 0x0000000091c00000|  0%| F|  |TAMS 0x0000000091b00000, 0x0000000091b00000| Untracked 
| 284|0x0000000091c00000, 0x0000000091c00000, 0x0000000091d00000|  0%| F|  |TAMS 0x0000000091c00000, 0x0000000091c00000| Untracked 
| 285|0x0000000091d00000, 0x0000000091d00000, 0x0000000091e00000|  0%| F|  |TAMS 0x0000000091d00000, 0x0000000091d00000| Untracked 
| 286|0x0000000091e00000, 0x0000000091e00000, 0x0000000091f00000|  0%| F|  |TAMS 0x0000000091e00000, 0x0000000091e00000| Untracked 
| 287|0x0000000091f00000, 0x0000000091f00000, 0x0000000092000000|  0%| F|  |TAMS 0x0000000091f00000, 0x0000000091f00000| Untracked 
| 288|0x0000000092000000, 0x000000009201f858, 0x0000000092100000| 12%| E|  |TAMS 0x0000000092000000, 0x0000000092000000| Complete 
| 289|0x0000000092100000, 0x0000000092200000, 0x0000000092200000|100%| E|CS|TAMS 0x0000000092100000, 0x0000000092100000| Complete 
| 290|0x0000000092200000, 0x0000000092300000, 0x0000000092300000|100%| E|CS|TAMS 0x0000000092200000, 0x0000000092200000| Complete 
| 291|0x0000000092300000, 0x0000000092400000, 0x0000000092400000|100%| E|CS|TAMS 0x0000000092300000, 0x0000000092300000| Complete 
| 292|0x0000000092400000, 0x0000000092500000, 0x0000000092500000|100%| E|CS|TAMS 0x0000000092400000, 0x0000000092400000| Complete 
| 293|0x0000000092500000, 0x0000000092600000, 0x0000000092600000|100%| E|CS|TAMS 0x0000000092500000, 0x0000000092500000| Complete 
| 294|0x0000000092600000, 0x0000000092700000, 0x0000000092700000|100%| E|CS|TAMS 0x0000000092600000, 0x0000000092600000| Complete 
| 295|0x0000000092700000, 0x0000000092800000, 0x0000000092800000|100%| E|CS|TAMS 0x0000000092700000, 0x0000000092700000| Complete 

Card table byte_map: [0x000001c3c74f0000,0x000001c3c78f0000] _byte_map_base: 0x000001c3c70f0000

Marking Bits (Prev, Next): (CMBitMap*) 0x000001c3b28261e0, (CMBitMap*) 0x000001c3b28261a8
 Prev Bits: [0x000001c3c9cf0000, 0x000001c3cbcf0000)
 Next Bits: [0x000001c3c7cf0000, 0x000001c3c9cf0000)

Polling page: 0x000001c3b2660000

Metaspace:

Usage:
  Non-class:    107.53 MB capacity,   105.28 MB ( 98%) used,     1.87 MB (  2%) free+waste,   399.44 KB ( <1%) overhead. 
      Class:     16.21 MB capacity,    14.93 MB ( 92%) used,     1.11 MB (  7%) free+waste,   178.38 KB (  1%) overhead. 
       Both:    123.75 MB capacity,   120.21 MB ( 97%) used,     2.98 MB (  2%) free+waste,   577.81 KB ( <1%) overhead. 

Virtual space:
  Non-class space:      108.00 MB reserved,     107.58 MB (>99%) committed 
      Class space:        1.00 GB reserved,      16.25 MB (  2%) committed 
             Both:        1.11 GB reserved,     123.83 MB ( 11%) committed 

Chunk freelists:
   Non-Class:  45.00 KB
       Class:  5.00 KB
        Both:  50.00 KB

MaxMetaspaceSize: 17179869184.00 GB
CompressedClassSpaceSize: 1.00 GB
Initial GC threshold: 20.80 MB
Current GC threshold: 206.38 MB
CDS: off

CodeHeap 'non-profiled nmethods': size=120064Kb used=11188Kb max_used=11902Kb free=108875Kb
 bounds [0x000001c3bf590000, 0x000001c3c0140000, 0x000001c3c6ad0000]
CodeHeap 'profiled nmethods': size=120000Kb used=38326Kb max_used=39796Kb free=81674Kb
 bounds [0x000001c3b8060000, 0x000001c3ba740000, 0x000001c3bf590000]
CodeHeap 'non-nmethods': size=5696Kb used=2478Kb max_used=2527Kb free=3217Kb
 bounds [0x000001c3b7ad0000, 0x000001c3b7d50000, 0x000001c3b8060000]
 total_blobs=18146 nmethods=17134 adapters=923
 compilation: enabled
              stopped_count=0, restarted_count=0
 full_count=0

Compilation events (20 events):
Event: 732.745 Thread 0x000001c3ce364800 18085       2       com.android.aapt.Resources$SourcePosition::access$200 (4 bytes)
Event: 732.745 Thread 0x000001c3ce364800 nmethod 18085 0x000001c3b8975d10 code [0x000001c3b8975ec0, 0x000001c3b8975fb8]
Event: 732.745 Thread 0x000001c3ce364800 18089       1       com.sun.org.apache.xerces.internal.impl.XMLStreamReaderImpl$1::getColumnNumber (5 bytes)
Event: 732.745 Thread 0x000001c3ce364800 nmethod 18089 0x000001c3bf645090 code [0x000001c3bf645240, 0x000001c3bf6452f8]
Event: 732.745 Thread 0x000001c3ce364800 18090       2       com.google.protobuf.CodedOutputStream$ArrayEncoder::writeBytes (12 bytes)
Event: 732.746 Thread 0x000001c3ce364800 nmethod 18090 0x000001c3b8554910 code [0x000001c3b8554ae0, 0x000001c3b8554c78]
Event: 732.746 Thread 0x000001c3ce364800 18093       2       com.google.protobuf.CodedOutputStream$ArrayEncoder::writeLazy (8 bytes)
Event: 732.746 Thread 0x000001c3ce364800 nmethod 18093 0x000001c3b89b9690 code [0x000001c3b89b9840, 0x000001c3b89b9948]
Event: 732.746 Thread 0x000001c3ce364800 18094   !   2       com.google.protobuf.CodedOutputStream$ArrayEncoder::write (76 bytes)
Event: 732.747 Thread 0x000001c3ce364800 nmethod 18094 0x000001c3b82b5f90 code [0x000001c3b82b6200, 0x000001c3b82b6c98]
Event: 732.747 Thread 0x000001c3ce364800 18092       2       com.google.protobuf.CodedOutputStream$ArrayEncoder::writeMessage (12 bytes)
Event: 732.747 Thread 0x000001c3ce364800 nmethod 18092 0x000001c3b8554490 code [0x000001c3b8554660, 0x000001c3b85547f8]
Event: 732.747 Thread 0x000001c3ce364800 18091       2       com.google.protobuf.CodedOutputStream$ArrayEncoder::writeBytesNoTag (14 bytes)
Event: 732.747 Thread 0x000001c3ce364800 nmethod 18091 0x000001c3b824f310 code [0x000001c3b824f4e0, 0x000001c3b824f648]
Event: 732.747 Thread 0x000001c3ce364800 18095       2       com.google.protobuf.CodedOutputStream$ArrayEncoder::writeMessageNoTag (18 bytes)
Event: 732.747 Thread 0x000001c3ce364800 nmethod 18095 0x000001c3b824ef10 code [0x000001c3b824f0e0, 0x000001c3b824f248]
Event: 732.751 Thread 0x000001c3ce364800 18096       2       java.lang.invoke.LambdaFormBuffer::replaceParameterByCopy (38 bytes)
Event: 732.751 Thread 0x000001c3ce364800 nmethod 18096 0x000001c3b824ea10 code [0x000001c3b824ebe0, 0x000001c3b824ed58]
Event: 732.751 Thread 0x000001c3ce364800 18097       2       java.lang.invoke.LambdaFormBuffer::noteDuplicate (115 bytes)
Event: 732.751 Thread 0x000001c3ce364800 nmethod 18097 0x000001c3b842d790 code [0x000001c3b842d980, 0x000001c3b842ddf8]

GC Heap History (20 events):
Event: 728.770 GC heap before
{Heap before GC invocations=91 (full 0):
 garbage-first heap   total 249856K, used 236195K [0x0000000080000000, 0x0000000100000000)
  region size 1024K, 12 young (12288K), 2 survivors (2048K)
 Metaspace       used 118309K, capacity 121831K, committed 122064K, reserved 1155072K
  class space    used 14920K, capacity 16196K, committed 16256K, reserved 1048576K
}
Event: 728.778 GC heap after
{Heap after GC invocations=92 (full 0):
 garbage-first heap   total 249856K, used 219530K [0x0000000080000000, 0x0000000100000000)
  region size 1024K, 2 young (2048K), 2 survivors (2048K)
 Metaspace       used 118309K, capacity 121831K, committed 122064K, reserved 1155072K
  class space    used 14920K, capacity 16196K, committed 16256K, reserved 1048576K
}
Event: 729.374 GC heap before
{Heap before GC invocations=92 (full 0):
 garbage-first heap   total 249856K, used 229770K [0x0000000080000000, 0x0000000100000000)
  region size 1024K, 12 young (12288K), 2 survivors (2048K)
 Metaspace       used 118339K, capacity 121831K, committed 122064K, reserved 1155072K
  class space    used 14920K, capacity 16196K, committed 16256K, reserved 1048576K
}
Event: 729.387 GC heap after
{Heap after GC invocations=93 (full 0):
 garbage-first heap   total 303104K, used 220424K [0x0000000080000000, 0x0000000100000000)
  region size 1024K, 2 young (2048K), 2 survivors (2048K)
 Metaspace       used 118339K, capacity 121831K, committed 122064K, reserved 1155072K
  class space    used 14920K, capacity 16196K, committed 16256K, reserved 1048576K
}
Event: 730.224 GC heap before
{Heap before GC invocations=93 (full 0):
 garbage-first heap   total 303104K, used 241928K [0x0000000080000000, 0x0000000100000000)
  region size 1024K, 23 young (23552K), 2 survivors (2048K)
 Metaspace       used 118469K, capacity 121963K, committed 122064K, reserved 1155072K
  class space    used 14928K, capacity 16197K, committed 16256K, reserved 1048576K
}
Event: 730.237 GC heap after
{Heap after GC invocations=94 (full 0):
 garbage-first heap   total 303104K, used 224809K [0x0000000080000000, 0x0000000100000000)
  region size 1024K, 3 young (3072K), 3 survivors (3072K)
 Metaspace       used 118469K, capacity 121963K, committed 122064K, reserved 1155072K
  class space    used 14928K, capacity 16197K, committed 16256K, reserved 1048576K
}
Event: 730.738 GC heap before
{Heap before GC invocations=94 (full 0):
 garbage-first heap   total 303104K, used 262697K [0x0000000080000000, 0x0000000100000000)
  region size 1024K, 24 young (24576K), 3 survivors (3072K)
 Metaspace       used 118799K, capacity 122288K, committed 122576K, reserved 1155072K
  class space    used 14949K, capacity 16209K, committed 16256K, reserved 1048576K
}
Event: 730.755 GC heap after
{Heap after GC invocations=95 (full 0):
 garbage-first heap   total 303104K, used 229376K [0x0000000080000000, 0x0000000100000000)
  region size 1024K, 3 young (3072K), 3 survivors (3072K)
 Metaspace       used 118799K, capacity 122288K, committed 122576K, reserved 1155072K
  class space    used 14949K, capacity 16209K, committed 16256K, reserved 1048576K
}
Event: 731.459 GC heap before
{Heap before GC invocations=96 (full 0):
 garbage-first heap   total 303104K, used 248832K [0x0000000080000000, 0x0000000100000000)
  region size 1024K, 23 young (23552K), 3 survivors (3072K)
 Metaspace       used 120624K, capacity 124229K, committed 124624K, reserved 1157120K
  class space    used 15096K, capacity 16396K, committed 16512K, reserved 1048576K
}
Event: 731.466 GC heap after
{Heap after GC invocations=97 (full 0):
 garbage-first heap   total 303104K, used 233018K [0x0000000080000000, 0x0000000100000000)
  region size 1024K, 3 young (3072K), 3 survivors (3072K)
 Metaspace       used 120624K, capacity 124229K, committed 124624K, reserved 1157120K
  class space    used 15096K, capacity 16396K, committed 16512K, reserved 1048576K
}
Event: 731.781 GC heap before
{Heap before GC invocations=97 (full 0):
 garbage-first heap   total 303104K, used 253498K [0x0000000080000000, 0x0000000100000000)
  region size 1024K, 23 young (23552K), 3 survivors (3072K)
 Metaspace       used 121869K, capacity 125413K, committed 125648K, reserved 1159168K
  class space    used 15199K, capacity 16492K, committed 16512K, reserved 1048576K
}
Event: 731.786 GC heap after
{Heap after GC invocations=98 (full 0):
 garbage-first heap   total 303104K, used 235827K [0x0000000080000000, 0x0000000100000000)
  region size 1024K, 3 young (3072K), 3 survivors (3072K)
 Metaspace       used 121869K, capacity 125413K, committed 125648K, reserved 1159168K
  class space    used 15199K, capacity 16492K, committed 16512K, reserved 1048576K
}
Event: 732.005 GC heap before
{Heap before GC invocations=98 (full 0):
 garbage-first heap   total 303104K, used 255283K [0x0000000080000000, 0x0000000100000000)
  region size 1024K, 22 young (22528K), 3 survivors (3072K)
 Metaspace       used 121971K, capacity 125549K, committed 125648K, reserved 1159168K
  class space    used 15202K, capacity 16492K, committed 16512K, reserved 1048576K
}
Event: 732.010 GC heap after
{Heap after GC invocations=99 (full 0):
 garbage-first heap   total 303104K, used 236950K [0x0000000080000000, 0x0000000100000000)
  region size 1024K, 2 young (2048K), 2 survivors (2048K)
 Metaspace       used 121971K, capacity 125549K, committed 125648K, reserved 1159168K
  class space    used 15202K, capacity 16492K, committed 16512K, reserved 1048576K
}
Event: 732.121 GC heap before
{Heap before GC invocations=99 (full 0):
 garbage-first heap   total 303104K, used 257430K [0x0000000080000000, 0x0000000100000000)
  region size 1024K, 22 young (22528K), 2 survivors (2048K)
 Metaspace       used 122363K, capacity 125901K, committed 126288K, reserved 1159168K
  class space    used 15234K, capacity 16524K, committed 16640K, reserved 1048576K
}
Event: 732.127 GC heap after
{Heap after GC invocations=100 (full 0):
 garbage-first heap   total 303104K, used 239232K [0x0000000080000000, 0x0000000100000000)
  region size 1024K, 3 young (3072K), 3 survivors (3072K)
 Metaspace       used 122363K, capacity 125901K, committed 126288K, reserved 1159168K
  class space    used 15234K, capacity 16524K, committed 16640K, reserved 1048576K
}
Event: 732.239 GC heap before
{Heap before GC invocations=100 (full 0):
 garbage-first heap   total 303104K, used 259712K [0x0000000080000000, 0x0000000100000000)
  region size 1024K, 23 young (23552K), 3 survivors (3072K)
 Metaspace       used 122884K, capacity 126480K, committed 126800K, reserved 1159168K
  class space    used 15274K, capacity 16589K, committed 16640K, reserved 1048576K
}
Event: 732.246 GC heap after
{Heap after GC invocations=101 (full 0):
 garbage-first heap   total 303104K, used 244597K [0x0000000080000000, 0x0000000100000000)
  region size 1024K, 3 young (3072K), 3 survivors (3072K)
 Metaspace       used 122884K, capacity 126480K, committed 126800K, reserved 1159168K
  class space    used 15274K, capacity 16589K, committed 16640K, reserved 1048576K
}
Event: 732.423 GC heap before
{Heap before GC invocations=101 (full 0):
 garbage-first heap   total 303104K, used 262005K [0x0000000080000000, 0x0000000100000000)
  region size 1024K, 20 young (20480K), 3 survivors (3072K)
 Metaspace       used 122951K, capacity 126484K, committed 126800K, reserved 1159168K
  class space    used 15274K, capacity 16589K, committed 16640K, reserved 1048576K
}
Event: 732.427 GC heap after
{Heap after GC invocations=102 (full 0):
 garbage-first heap   total 303104K, used 245329K [0x0000000080000000, 0x0000000100000000)
  region size 1024K, 1 young (1024K), 1 survivors (1024K)
 Metaspace       used 122951K, capacity 126484K, committed 126800K, reserved 1159168K
  class space    used 15274K, capacity 16589K, committed 16640K, reserved 1048576K
}

Deoptimization events (20 events):
Event: 732.414 Thread 0x000001c3d452a800 DEOPT PACKING pc=0x000001c3b80cd362 sp=0x0000009e304fd570
Event: 732.414 Thread 0x000001c3d452a800 DEOPT UNPACKING pc=0x000001c3b7b1a95e sp=0x0000009e304fca90 mode 0
Event: 732.421 Thread 0x000001c3d452a800 DEOPT PACKING pc=0x000001c3b80cd362 sp=0x0000009e304fd570
Event: 732.421 Thread 0x000001c3d452a800 DEOPT UNPACKING pc=0x000001c3b7b1a95e sp=0x0000009e304fca90 mode 0
Event: 732.489 Thread 0x000001c3d452a800 DEOPT PACKING pc=0x000001c3b80cd362 sp=0x0000009e304fd570
Event: 732.489 Thread 0x000001c3d452a800 DEOPT UNPACKING pc=0x000001c3b7b1a95e sp=0x0000009e304fca90 mode 0
Event: 732.495 Thread 0x000001c3d4530000 DEOPT PACKING pc=0x000001c3b80cd362 sp=0x0000009e2d3fd460
Event: 732.495 Thread 0x000001c3d4530000 DEOPT UNPACKING pc=0x000001c3b7b1a95e sp=0x0000009e2d3fc980 mode 0
Event: 732.528 Thread 0x000001c3d452a800 DEOPT PACKING pc=0x000001c3b80cd362 sp=0x0000009e304fcf20
Event: 732.528 Thread 0x000001c3d452a800 DEOPT UNPACKING pc=0x000001c3b7b1a95e sp=0x0000009e304fc440 mode 0
Event: 732.537 Thread 0x000001c3d4530000 DEOPT PACKING pc=0x000001c3b80cd362 sp=0x0000009e2d3fd460
Event: 732.537 Thread 0x000001c3d4530000 DEOPT UNPACKING pc=0x000001c3b7b1a95e sp=0x0000009e2d3fc980 mode 0
Event: 732.582 Thread 0x000001c3d452a800 DEOPT PACKING pc=0x000001c3b80cd362 sp=0x0000009e304fc970
Event: 732.582 Thread 0x000001c3d452a800 DEOPT UNPACKING pc=0x000001c3b7b1a95e sp=0x0000009e304fbe90 mode 0
Event: 732.585 Thread 0x000001c3d452a800 DEOPT PACKING pc=0x000001c3b80cd362 sp=0x0000009e304fd570
Event: 732.585 Thread 0x000001c3d452a800 DEOPT UNPACKING pc=0x000001c3b7b1a95e sp=0x0000009e304fca90 mode 0
Event: 732.594 Thread 0x000001c3d452a800 DEOPT PACKING pc=0x000001c3b80cd362 sp=0x0000009e304fd570
Event: 732.594 Thread 0x000001c3d452a800 DEOPT UNPACKING pc=0x000001c3b7b1a95e sp=0x0000009e304fca90 mode 0
Event: 732.722 Thread 0x000001c3d452a800 DEOPT PACKING pc=0x000001c3b80cd362 sp=0x0000009e304fd570
Event: 732.722 Thread 0x000001c3d452a800 DEOPT UNPACKING pc=0x000001c3b7b1a95e sp=0x0000009e304fca90 mode 0

Classes redefined (0 events):
No events

Internal exceptions (20 events):
Event: 731.517 Thread 0x000001c3d452e800 Exception <a 'sun/nio/fs/WindowsException'{0x00000000922e4fe8}> (0x00000000922e4fe8) thrown at [src/hotspot/share/prims/jni.cpp, line 617]
Event: 731.752 Thread 0x000001c3d452e800 Exception <a 'sun/nio/fs/WindowsException'{0x0000000091577368}> (0x0000000091577368) thrown at [src/hotspot/share/prims/jni.cpp, line 617]
Event: 731.818 Thread 0x000001c3d452e800 Exception <a 'sun/nio/fs/WindowsException'{0x0000000092311950}> (0x0000000092311950) thrown at [src/hotspot/share/prims/jni.cpp, line 617]
Event: 731.821 Thread 0x000001c3d452e800 Exception <a 'sun/nio/fs/WindowsException'{0x00000000923fef80}> (0x00000000923fef80) thrown at [src/hotspot/share/prims/jni.cpp, line 617]
Event: 731.823 Thread 0x000001c3d452e800 Exception <a 'sun/nio/fs/WindowsException'{0x0000000092212800}> (0x0000000092212800) thrown at [src/hotspot/share/prims/jni.cpp, line 617]
Event: 731.828 Thread 0x000001c3d452e800 Exception <a 'sun/nio/fs/WindowsException'{0x0000000092213a88}> (0x0000000092213a88) thrown at [src/hotspot/share/prims/jni.cpp, line 617]
Event: 731.830 Thread 0x000001c3d452e800 Exception <a 'sun/nio/fs/WindowsException'{0x00000000922418f0}> (0x00000000922418f0) thrown at [src/hotspot/share/prims/jni.cpp, line 617]
Event: 731.832 Thread 0x000001c3d452e800 Exception <a 'sun/nio/fs/WindowsException'{0x0000000092296500}> (0x0000000092296500) thrown at [src/hotspot/share/prims/jni.cpp, line 617]
Event: 731.834 Thread 0x000001c3d452e800 Exception <a 'sun/nio/fs/WindowsException'{0x0000000092297780}> (0x0000000092297780) thrown at [src/hotspot/share/prims/jni.cpp, line 617]
Event: 731.835 Thread 0x000001c3d452e800 Exception <a 'sun/nio/fs/WindowsException'{0x0000000092131750}> (0x0000000092131750) thrown at [src/hotspot/share/prims/jni.cpp, line 617]
Event: 731.839 Thread 0x000001c3d452e800 Exception <a 'sun/nio/fs/WindowsException'{0x00000000921329a8}> (0x00000000921329a8) thrown at [src/hotspot/share/prims/jni.cpp, line 617]
Event: 731.844 Thread 0x000001c3d452e800 Exception <a 'sun/nio/fs/WindowsException'{0x00000000920267a8}> (0x00000000920267a8) thrown at [src/hotspot/share/prims/jni.cpp, line 617]
Event: 731.846 Thread 0x000001c3d452e800 Exception <a 'sun/nio/fs/WindowsException'{0x0000000091f38998}> (0x0000000091f38998) thrown at [src/hotspot/share/prims/jni.cpp, line 617]
Event: 731.850 Thread 0x000001c3d452e800 Exception <a 'sun/nio/fs/WindowsException'{0x0000000091f39c40}> (0x0000000091f39c40) thrown at [src/hotspot/share/prims/jni.cpp, line 617]
Event: 731.851 Thread 0x000001c3d452e800 Exception <a 'sun/nio/fs/WindowsException'{0x0000000091ffd980}> (0x0000000091ffd980) thrown at [src/hotspot/share/prims/jni.cpp, line 617]
Event: 731.853 Thread 0x000001c3d452e800 Exception <a 'sun/nio/fs/WindowsException'{0x0000000091e50b28}> (0x0000000091e50b28) thrown at [src/hotspot/share/prims/jni.cpp, line 617]
Event: 731.855 Thread 0x000001c3d452e800 Exception <a 'sun/nio/fs/WindowsException'{0x0000000091e51cd0}> (0x0000000091e51cd0) thrown at [src/hotspot/share/prims/jni.cpp, line 617]
Event: 731.861 Thread 0x000001c3d452e800 Exception <a 'sun/nio/fs/WindowsException'{0x0000000091d39180}> (0x0000000091d39180) thrown at [src/hotspot/share/prims/jni.cpp, line 617]
Event: 731.864 Thread 0x000001c3d452e800 Exception <a 'sun/nio/fs/WindowsException'{0x0000000091d3a3f8}> (0x0000000091d3a3f8) thrown at [src/hotspot/share/prims/jni.cpp, line 617]
Event: 731.868 Thread 0x000001c3d452e800 Exception <a 'sun/nio/fs/WindowsException'{0x0000000091dd0f78}> (0x0000000091dd0f78) thrown at [src/hotspot/share/prims/jni.cpp, line 617]

Events (20 events):
Event: 732.197 loading class com/android/aaptcompiler/XmlResource
Event: 732.197 loading class com/android/aaptcompiler/XmlResource done
Event: 732.198 loading class com/android/aaptcompiler/XmlProcessor$process$$inlined$sortedBy$1
Event: 732.198 loading class com/android/aaptcompiler/XmlProcessor$process$$inlined$sortedBy$1 done
Event: 732.198 loading class com/android/aaptcompiler/XmlProcessor$process$3
Event: 732.198 loading class com/android/aaptcompiler/XmlProcessor$process$3 done
Event: 732.239 Executing VM operation: G1CollectForAllocation
Event: 732.246 Executing VM operation: G1CollectForAllocation done
Event: 732.422 Executing VM operation: G1CollectForAllocation
Event: 732.427 Executing VM operation: G1CollectForAllocation done
Event: 732.599 Executing VM operation: CGC_Operation
Event: 732.695 Executing VM operation: CGC_Operation done
Event: 732.735 loading class com/android/aaptcompiler/SourcedResourceName
Event: 732.735 loading class com/android/aaptcompiler/SourcedResourceName done
Event: 732.738 loading class android/aapt/pb/internal/ResourcesInternal$CompiledFile$Symbol$1
Event: 732.738 loading class android/aapt/pb/internal/ResourcesInternal$CompiledFile$Symbol$1 done
Event: 732.739 loading class android/aapt/pb/internal/ResourcesInternal$CompiledFile$Symbol$Builder
Event: 732.739 loading class android/aapt/pb/internal/ResourcesInternal$CompiledFile$Symbol$Builder done
Event: 732.748 Executing VM operation: RevokeBias
Event: 732.749 Executing VM operation: RevokeBias done


Dynamic libraries:
0x00007ff6336d0000 - 0x00007ff6336da000 	C:\Program Files\Android\Android Studio\jbr\bin\java.exe
0x00007ffb352b0000 - 0x00007ffb354a8000 	C:\WINDOWS\SYSTEM32\ntdll.dll
0x00007ffb346a0000 - 0x00007ffb3475f000 	C:\WINDOWS\System32\KERNEL32.DLL
0x00007ffb32d10000 - 0x00007ffb32fe2000 	C:\WINDOWS\System32\KERNELBASE.dll
0x00007ffb32ae0000 - 0x00007ffb32be0000 	C:\WINDOWS\System32\ucrtbase.dll
0x00007ffb06a70000 - 0x00007ffb06a87000 	C:\Program Files\Android\Android Studio\jbr\bin\jli.dll
0x00007ffb05c90000 - 0x00007ffb05cab000 	C:\Program Files\Android\Android Studio\jbr\bin\VCRUNTIME140.dll
0x00007ffb33400000 - 0x00007ffb335a1000 	C:\WINDOWS\System32\USER32.dll
0x00007ffb32ff0000 - 0x00007ffb33012000 	C:\WINDOWS\System32\win32u.dll
0x00007ffb34580000 - 0x00007ffb345ab000 	C:\WINDOWS\System32\GDI32.dll
0x00007ffb31d10000 - 0x00007ffb31faa000 	C:\WINDOWS\WinSxS\amd64_microsoft.windows.common-controls_6595b64144ccf1df_6.0.19041.1110_none_60b5254171f9507e\COMCTL32.dll
0x00007ffb330d0000 - 0x00007ffb331df000 	C:\WINDOWS\System32\gdi32full.dll
0x00007ffb347f0000 - 0x00007ffb3488e000 	C:\WINDOWS\System32\msvcrt.dll
0x00007ffb331e0000 - 0x00007ffb3327d000 	C:\WINDOWS\System32\msvcp_win.dll
0x00007ffb34080000 - 0x00007ffb340b0000 	C:\WINDOWS\System32\IMM32.DLL
0x00007ffb2d780000 - 0x00007ffb2d78c000 	C:\Program Files\Android\Android Studio\jbr\bin\vcruntime140_1.dll
0x00007ffafa490000 - 0x00007ffafa51d000 	C:\Program Files\Android\Android Studio\jbr\bin\msvcp140.dll
0x00007ffaee480000 - 0x00007ffaef03c000 	C:\Program Files\Android\Android Studio\jbr\bin\server\jvm.dll
0x00007ffb332d0000 - 0x00007ffb3337e000 	C:\WINDOWS\System32\ADVAPI32.dll
0x00007ffb33e30000 - 0x00007ffb33ecc000 	C:\WINDOWS\System32\sechost.dll
0x00007ffb33f40000 - 0x00007ffb34064000 	C:\WINDOWS\System32\RPCRT4.dll
0x00007ffb34070000 - 0x00007ffb34078000 	C:\WINDOWS\System32\PSAPI.DLL
0x00007ffb2a9c0000 - 0x00007ffb2a9e7000 	C:\WINDOWS\SYSTEM32\WINMM.dll
0x00007ffb2d770000 - 0x00007ffb2d779000 	C:\WINDOWS\SYSTEM32\WSOCK32.dll
0x00007ffb2a9f0000 - 0x00007ffb2a9fa000 	C:\WINDOWS\SYSTEM32\VERSION.dll
0x00007ffb34780000 - 0x00007ffb347eb000 	C:\WINDOWS\System32\WS2_32.dll
0x00007ffb2fb60000 - 0x00007ffb2fb72000 	C:\WINDOWS\SYSTEM32\kernel.appcore.dll
0x00007ffb2d760000 - 0x00007ffb2d770000 	C:\Program Files\Android\Android Studio\jbr\bin\verify.dll
0x00007ffb322a0000 - 0x00007ffb32484000 	C:\WINDOWS\SYSTEM32\DBGHELP.DLL
0x00007ffb320c0000 - 0x00007ffb320f5000 	C:\WINDOWS\SYSTEM32\dbgcore.DLL
0x00007ffb32c80000 - 0x00007ffb32d02000 	C:\WINDOWS\System32\bcryptPrimitives.dll
0x00007ffb06480000 - 0x00007ffb064a8000 	C:\Program Files\Android\Android Studio\jbr\bin\java.dll
0x00007ffb2c5a0000 - 0x00007ffb2c5aa000 	C:\Program Files\Android\Android Studio\jbr\bin\jimage.dll
0x00007ffb1ec50000 - 0x00007ffb1ec68000 	C:\Program Files\Android\Android Studio\jbr\bin\zip.dll
0x00007ffb336e0000 - 0x00007ffb33e25000 	C:\WINDOWS\System32\SHELL32.dll
0x00007ffb303f0000 - 0x00007ffb30b82000 	C:\WINDOWS\SYSTEM32\windows.storage.dll
0x00007ffb34940000 - 0x00007ffb34c95000 	C:\WINDOWS\System32\combase.dll
0x00007ffb31c70000 - 0x00007ffb31ca0000 	C:\WINDOWS\SYSTEM32\Wldp.dll
0x00007ffb350a0000 - 0x00007ffb3514d000 	C:\WINDOWS\System32\SHCORE.dll
0x00007ffb340b0000 - 0x00007ffb34105000 	C:\WINDOWS\System32\shlwapi.dll
0x00007ffb328c0000 - 0x00007ffb328df000 	C:\WINDOWS\SYSTEM32\profapi.dll
0x00007ffb1e300000 - 0x00007ffb1e319000 	C:\Program Files\Android\Android Studio\jbr\bin\net.dll
0x00007ffb26f60000 - 0x00007ffb2706a000 	C:\WINDOWS\SYSTEM32\WINHTTP.dll
0x00007ffb31b40000 - 0x00007ffb31baa000 	C:\WINDOWS\system32\mswsock.dll
0x00007ffb0a070000 - 0x00007ffb0a083000 	C:\Program Files\Android\Android Studio\jbr\bin\nio.dll
0x00007ffafd150000 - 0x00007ffafd177000 	C:\Users\User\.gradle\native\e1d6ef7f7dcc3fd88c89a11ec53ec762bb8ba0a96d01ffa2cd45eb1d1d8dd5c5\windows-amd64\native-platform.dll
0x00007ffaf3330000 - 0x00007ffaf3474000 	C:\Users\User\.gradle\native\0d407fdbe67a94daf76414ababcb853783967236a71b16ec16e742cd7a986fd3\windows-amd64\native-platform-file-events.dll
0x00007ffb26920000 - 0x00007ffb2692a000 	C:\Program Files\Android\Android Studio\jbr\bin\management.dll
0x00007ffb26820000 - 0x00007ffb2682b000 	C:\Program Files\Android\Android Studio\jbr\bin\management_ext.dll
0x00007ffb32630000 - 0x00007ffb32648000 	C:\WINDOWS\SYSTEM32\CRYPTSP.dll
0x00007ffb31350000 - 0x00007ffb31384000 	C:\WINDOWS\system32\rsaenh.dll
0x00007ffb32c50000 - 0x00007ffb32c77000 	C:\WINDOWS\System32\bcrypt.dll
0x00007ffb32880000 - 0x00007ffb328ae000 	C:\WINDOWS\SYSTEM32\USERENV.dll
0x00007ffb31c30000 - 0x00007ffb31c3c000 	C:\WINDOWS\SYSTEM32\CRYPTBASE.dll
0x00007ffb316c0000 - 0x00007ffb316fb000 	C:\WINDOWS\SYSTEM32\IPHLPAPI.DLL
0x00007ffb33ed0000 - 0x00007ffb33ed8000 	C:\WINDOWS\System32\NSI.dll
0x00007ffb2b5d0000 - 0x00007ffb2b5e7000 	C:\WINDOWS\SYSTEM32\dhcpcsvc6.DLL
0x00007ffb2b5b0000 - 0x00007ffb2b5cd000 	C:\WINDOWS\SYSTEM32\dhcpcsvc.DLL
0x00007ffb31700000 - 0x00007ffb317cb000 	C:\WINDOWS\SYSTEM32\DNSAPI.dll
0x00007ffb06400000 - 0x00007ffb06427000 	C:\Program Files\Android\Android Studio\jbr\bin\sunec.dll
0x00007ffb219f0000 - 0x00007ffb219fa000 	C:\Windows\System32\rasadhlp.dll
0x00007ffb21630000 - 0x00007ffb216b0000 	C:\WINDOWS\System32\fwpuclnt.dll
0x00007ffb325f0000 - 0x00007ffb32623000 	C:\WINDOWS\SYSTEM32\ntmarta.dll

dbghelp: loaded successfully - version: 4.0.5 - missing functions: none
symbol engine: initialized successfully - sym options: 0x614 - pdb path: .;C:\Program Files\Android\Android Studio\jbr\bin;C:\WINDOWS\SYSTEM32;C:\WINDOWS\WinSxS\amd64_microsoft.windows.common-controls_6595b64144ccf1df_6.0.19041.1110_none_60b5254171f9507e;C:\Program Files\Android\Android Studio\jbr\bin\server;C:\Users\User\.gradle\native\e1d6ef7f7dcc3fd88c89a11ec53ec762bb8ba0a96d01ffa2cd45eb1d1d8dd5c5\windows-amd64;C:\Users\User\.gradle\native\0d407fdbe67a94daf76414ababcb853783967236a71b16ec16e742cd7a986fd3\windows-amd64

VM Arguments:
jvm_args: --add-opens=java.base/java.util=ALL-UNNAMED --add-opens=java.base/java.lang=ALL-UNNAMED --add-opens=java.base/java.lang.invoke=ALL-UNNAMED --add-opens=java.base/java.util=ALL-UNNAMED --add-opens=java.prefs/java.util.prefs=ALL-UNNAMED --add-opens=java.prefs/java.util.prefs=ALL-UNNAMED --add-opens=java.base/java.nio.charset=ALL-UNNAMED --add-opens=java.base/java.net=ALL-UNNAMED --add-opens=java.base/java.util.concurrent.atomic=ALL-UNNAMED -Xmx2048m -Dfile.encoding=UTF-8 -Duser.country=RU -Duser.language=ru -Duser.variant 
java_command: org.gradle.launcher.daemon.bootstrap.GradleDaemon 7.5
java_class_path (initial): C:\Users\User\.gradle\wrapper\dists\gradle-7.5-bin\f1w0cc9nuo0eivz97x2xlu9sv\gradle-7.5\lib\gradle-launcher-7.5.jar
Launcher Type: SUN_STANDARD

[Global flags]
     intx CICompilerCount                          = 3                                         {product} {ergonomic}
     uint ConcGCThreads                            = 1                                         {product} {ergonomic}
     uint G1ConcRefinementThreads                  = 4                                         {product} {ergonomic}
   size_t G1HeapRegionSize                         = 1048576                                   {product} {ergonomic}
    uintx GCDrainStackTargetSize                   = 64                                        {product} {ergonomic}
   size_t InitialHeapSize                          = 132120576                                 {product} {ergonomic}
   size_t MarkStackSize                            = 4194304                                   {product} {ergonomic}
   size_t MaxHeapSize                              = 2147483648                                {product} {command line}
   size_t MaxNewSize                               = 1287651328                                {product} {ergonomic}
   size_t MinHeapDeltaBytes                        = 1048576                                   {product} {ergonomic}
    uintx NonNMethodCodeHeapSize                   = 5830732                                {pd product} {ergonomic}
    uintx NonProfiledCodeHeapSize                  = 122913754                              {pd product} {ergonomic}
    uintx ProfiledCodeHeapSize                     = 122913754                              {pd product} {ergonomic}
    uintx ReservedCodeCacheSize                    = 251658240                              {pd product} {ergonomic}
     bool SegmentedCodeCache                       = true                                      {product} {ergonomic}
     bool UseCompressedClassPointers               = true                                 {lp64_product} {ergonomic}
     bool UseCompressedOops                        = true                                 {lp64_product} {ergonomic}
     bool UseG1GC                                  = true                                      {product} {ergonomic}
     bool UseLargePagesIndividualAllocation        = false                                  {pd product} {ergonomic}

Logging:
Log output configuration:
 #0: stdout all=warning uptime,level,tags
 #1: stderr all=off uptime,level,tags

Environment Variables:
PATH=C:\Program Files (x86)\NVIDIA Corporation\PhysX\Common;C:\Program Files (x86)\Razer Chroma SDK\bin;C:\Program Files\Razer Chroma SDK\bin;C:\Program Files (x86)\Razer\ChromaBroadcast\bin;C:\Program Files\Razer\ChromaBroadcast\bin;C:\WINDOWS\system32;C:\WINDOWS;C:\WINDOWS\System32\Wbem;C:\WINDOWS\System32\WindowsPowerShell\v1.0\;C:\WINDOWS\System32\OpenSSH\;C:\WINDOWS\system32\config\systemprofile\AppData\Local\Microsoft\WindowsApps;C:\Users\User\AppData\Local\Microsoft\WindowsApps;C:\Users\User\AppData\Local\Microsoft\WindowsApps;
USERNAME=User
OS=Windows_NT
PROCESSOR_IDENTIFIER=Intel64 Family 6 Model 94 Stepping 3, GenuineIntel



---------------  S Y S T E M  ---------------

OS: Windows 10 , 64 bit Build 19041 (10.0.19041.2546)
OS uptime: 0 days 1:01 hours

CPU:total 4 (initial active 4) (4 cores per cpu, 1 threads per core) family 6 model 94 stepping 3 microcode 0xcc, cmov, cx8, fxsr, mmx, sse, sse2, sse3, ssse3, sse4.1, sse4.2, popcnt, avx, avx2, aes, clmul, erms, 3dnowpref, lzcnt, tsc, tscinvbit, bmi1, bmi2, adx, fma

Memory: 4k page, system-wide physical 8045M (320M free)
TotalPageFile size 17282M (AvailPageFile size 2400M)
current process WorkingSet (physical memory assigned to process): 400M, peak: 558M
current process commit charge ("private bytes"): 644M, peak: 662M

vm_info: OpenJDK 64-Bit Server VM (11.0.15+0-b2043.56-9505619) for windows-amd64 JRE (11.0.15+0-b2043.56-9505619), built on Jan 19 2023 02:48:00 by "builduser" with unknown MS VC++:1929

END.
